"../../../Engine/Content/EngineMaterials/T_Default_Material_Grid_N.uasset" 0
"../../../Engine/Content/EngineMaterials/T_Default_Material_Grid_N.uexp" 1
"../../../Engine/Content/EngineMaterials/T_Default_Material_Grid_N.ubulk" 2
"../../../Engine/Content/EngineMaterials/T_Default_Material_Grid_M.uasset" 3
"../../../Engine/Content/EngineMaterials/T_Default_Material_Grid_M.uexp" 4
"../../../Engine/Content/EngineMaterials/T_Default_Material_Grid_M.ubulk" 5
"../../../Engine/Content/Functions/Engine_MaterialFunctions01/Opacity/CameraDepthFade.uasset" 6
"../../../Engine/Content/Functions/Engine_MaterialFunctions01/Opacity/CameraDepthFade.uexp" 7
"../../../Engine/Content/EngineMaterials/WorldGridMaterial.uasset" 8
"../../../Engine/Content/EngineMaterials/WorldGridMaterial.uexp" 9
"C:/Users/u1378106/Documents/EAE/Spring Semester/Level Design/SideScrollerLevel/Content/Geometry/Meshes/Star_Collectible.uasset" 10
"C:/Users/u1378106/Documents/EAE/Spring Semester/Level Design/SideScrollerLevel/Content/Geometry/Meshes/Star_Collectible.uexp" 11
"C:/Users/u1378106/Documents/EAE/Spring Semester/Level Design/SideScrollerLevel/Content/Materials/RingFire3.uasset" 12
"C:/Users/u1378106/Documents/EAE/Spring Semester/Level Design/SideScrollerLevel/Content/Materials/RingFire3.uexp" 13
"C:/Users/u1378106/Documents/EAE/Spring Semester/Level Design/SideScrollerLevel/Content/Audios/CoinPick.uasset" 14
"C:/Users/u1378106/Documents/EAE/Spring Semester/Level Design/SideScrollerLevel/Content/Audios/CoinPick.uexp" 15
"C:/Users/u1378106/Documents/EAE/Spring Semester/Level Design/SideScrollerLevel/Content/Audios/CoinPick_Cue.uasset" 16
"C:/Users/u1378106/Documents/EAE/Spring Semester/Level Design/SideScrollerLevel/Content/Audios/CoinPick_Cue.uexp" 17
"C:/Users/u1378106/Documents/EAE/Spring Semester/Level Design/SideScrollerLevel/Content/Mannequin/Character/Mesh/SK_Mannequin_PhysicsAsset.uasset" 18
"C:/Users/u1378106/Documents/EAE/Spring Semester/Level Design/SideScrollerLevel/Content/Mannequin/Character/Mesh/SK_Mannequin_PhysicsAsset.uexp" 19
"C:/Users/u1378106/Documents/EAE/Spring Semester/Level Design/SideScrollerLevel/Content/Mannequin/Character/Textures/T_UE4Logo_N.uasset" 20
"C:/Users/u1378106/Documents/EAE/Spring Semester/Level Design/SideScrollerLevel/Content/Mannequin/Character/Textures/T_UE4Logo_N.uexp" 21
"C:/Users/u1378106/Documents/EAE/Spring Semester/Level Design/SideScrollerLevel/Content/Mannequin/Character/Textures/T_UE4Logo_N.ubulk" 22
"C:/Users/u1378106/Documents/EAE/Spring Semester/Level Design/SideScrollerLevel/Content/Mannequin/Character/Textures/T_UE4Logo_Mask.uasset" 23
"C:/Users/u1378106/Documents/EAE/Spring Semester/Level Design/SideScrollerLevel/Content/Mannequin/Character/Textures/T_UE4Logo_Mask.uexp" 24
"C:/Users/u1378106/Documents/EAE/Spring Semester/Level Design/SideScrollerLevel/Content/Mannequin/Character/Textures/T_UE4Logo_Mask.ubulk" 25
"C:/Users/u1378106/Documents/EAE/Spring Semester/Level Design/SideScrollerLevel/Content/Mannequin/Character/Textures/T_Male_N.uasset" 26
"C:/Users/u1378106/Documents/EAE/Spring Semester/Level Design/SideScrollerLevel/Content/Mannequin/Character/Textures/T_Male_N.uexp" 27
"C:/Users/u1378106/Documents/EAE/Spring Semester/Level Design/SideScrollerLevel/Content/Mannequin/Character/Textures/T_Male_N.ubulk" 28
"C:/Users/u1378106/Documents/EAE/Spring Semester/Level Design/SideScrollerLevel/Content/Mannequin/Character/Textures/T_Male_Mask.uasset" 29
"C:/Users/u1378106/Documents/EAE/Spring Semester/Level Design/SideScrollerLevel/Content/Mannequin/Character/Textures/T_Male_Mask.uexp" 30
"C:/Users/u1378106/Documents/EAE/Spring Semester/Level Design/SideScrollerLevel/Content/Mannequin/Character/Textures/T_Male_Mask.ubulk" 31
"C:/Users/u1378106/Documents/EAE/Spring Semester/Level Design/SideScrollerLevel/Content/Mannequin/Character/Materials/MaterialLayers/T_ML_Rubber_Blue_01_N.uasset" 32
"C:/Users/u1378106/Documents/EAE/Spring Semester/Level Design/SideScrollerLevel/Content/Mannequin/Character/Materials/MaterialLayers/T_ML_Rubber_Blue_01_N.uexp" 33
"C:/Users/u1378106/Documents/EAE/Spring Semester/Level Design/SideScrollerLevel/Content/Mannequin/Character/Materials/MaterialLayers/T_ML_Rubber_Blue_01_N.ubulk" 34
"C:/Users/u1378106/Documents/EAE/Spring Semester/Level Design/SideScrollerLevel/Content/Mannequin/Character/Materials/MaterialLayers/T_ML_Rubber_Blue_01_D.uasset" 35
"C:/Users/u1378106/Documents/EAE/Spring Semester/Level Design/SideScrollerLevel/Content/Mannequin/Character/Materials/MaterialLayers/T_ML_Rubber_Blue_01_D.uexp" 36
"C:/Users/u1378106/Documents/EAE/Spring Semester/Level Design/SideScrollerLevel/Content/Mannequin/Character/Materials/MaterialLayers/T_ML_Rubber_Blue_01_D.ubulk" 37
"C:/Users/u1378106/Documents/EAE/Spring Semester/Level Design/SideScrollerLevel/Content/Mannequin/Character/Materials/MaterialLayers/T_ML_Aluminum01_N.uasset" 38
"C:/Users/u1378106/Documents/EAE/Spring Semester/Level Design/SideScrollerLevel/Content/Mannequin/Character/Materials/MaterialLayers/T_ML_Aluminum01_N.uexp" 39
"C:/Users/u1378106/Documents/EAE/Spring Semester/Level Design/SideScrollerLevel/Content/Mannequin/Character/Materials/MaterialLayers/T_ML_Aluminum01_N.ubulk" 40
"C:/Users/u1378106/Documents/EAE/Spring Semester/Level Design/SideScrollerLevel/Content/Mannequin/Character/Materials/MaterialLayers/T_ML_Aluminum01.uasset" 41
"C:/Users/u1378106/Documents/EAE/Spring Semester/Level Design/SideScrollerLevel/Content/Mannequin/Character/Materials/MaterialLayers/T_ML_Aluminum01.uexp" 42
"C:/Users/u1378106/Documents/EAE/Spring Semester/Level Design/SideScrollerLevel/Content/Mannequin/Character/Materials/MaterialLayers/T_ML_Aluminum01.ubulk" 43
"C:/Users/u1378106/Documents/EAE/Spring Semester/Level Design/SideScrollerLevel/Content/Mannequin/Character/Materials/MaterialLayers/ML_SoftMetal_UE4.uasset" 44
"C:/Users/u1378106/Documents/EAE/Spring Semester/Level Design/SideScrollerLevel/Content/Mannequin/Character/Materials/MaterialLayers/ML_SoftMetal_UE4.uexp" 45
"C:/Users/u1378106/Documents/EAE/Spring Semester/Level Design/SideScrollerLevel/Content/Mannequin/Character/Materials/MaterialLayers/ML_Plastic_Shiny_Beige_LOGO.uasset" 46
"C:/Users/u1378106/Documents/EAE/Spring Semester/Level Design/SideScrollerLevel/Content/Mannequin/Character/Materials/MaterialLayers/ML_Plastic_Shiny_Beige_LOGO.uexp" 47
"C:/Users/u1378106/Documents/EAE/Spring Semester/Level Design/SideScrollerLevel/Content/Mannequin/Character/Materials/MaterialLayers/ML_Plastic_Shiny_Beige.uasset" 48
"C:/Users/u1378106/Documents/EAE/Spring Semester/Level Design/SideScrollerLevel/Content/Mannequin/Character/Materials/MaterialLayers/ML_Plastic_Shiny_Beige.uexp" 49
"C:/Users/u1378106/Documents/EAE/Spring Semester/Level Design/SideScrollerLevel/Content/Mannequin/Character/Materials/MaterialLayers/ML_GlossyBlack_Latex_UE4.uasset" 50
"C:/Users/u1378106/Documents/EAE/Spring Semester/Level Design/SideScrollerLevel/Content/Mannequin/Character/Materials/MaterialLayers/ML_GlossyBlack_Latex_UE4.uexp" 51
"../../../Engine/Content/Functions/MaterialLayerFunctions/MatLayerBlend_Simple.uasset" 52
"../../../Engine/Content/Functions/MaterialLayerFunctions/MatLayerBlend_Simple.uexp" 53
"../../../Engine/Content/Functions/Engine_MaterialFunctions02/Utility/BlendAngleCorrectedNormals.uasset" 54
"../../../Engine/Content/Functions/Engine_MaterialFunctions02/Utility/BlendAngleCorrectedNormals.uexp" 55
"../../../Engine/Content/Functions/MaterialLayerFunctions/MatLayerBlend_NormalBlend.uasset" 56
"../../../Engine/Content/Functions/MaterialLayerFunctions/MatLayerBlend_NormalBlend.uexp" 57
"C:/Users/u1378106/Documents/EAE/Spring Semester/Level Design/SideScrollerLevel/Content/Mannequin/Character/Materials/M_Male_Body.uasset" 58
"C:/Users/u1378106/Documents/EAE/Spring Semester/Level Design/SideScrollerLevel/Content/Mannequin/Character/Materials/M_Male_Body.uexp" 59
"C:/Users/u1378106/Documents/EAE/Spring Semester/Level Design/SideScrollerLevel/Content/Mannequin/Character/Materials/M_UE4Man_ChestLogo.uasset" 60
"C:/Users/u1378106/Documents/EAE/Spring Semester/Level Design/SideScrollerLevel/Content/Mannequin/Character/Materials/M_UE4Man_ChestLogo.uexp" 61
"C:/Users/u1378106/Documents/EAE/Spring Semester/Level Design/SideScrollerLevel/Content/Mannequin/Character/Mesh/UE4_Mannequin_Skeleton.uasset" 62
"C:/Users/u1378106/Documents/EAE/Spring Semester/Level Design/SideScrollerLevel/Content/Mannequin/Character/Mesh/UE4_Mannequin_Skeleton.uexp" 63
"C:/Users/u1378106/Documents/EAE/Spring Semester/Level Design/SideScrollerLevel/Content/Mannequin/Character/Mesh/SK_Mannequin.uasset" 64
"C:/Users/u1378106/Documents/EAE/Spring Semester/Level Design/SideScrollerLevel/Content/Mannequin/Character/Mesh/SK_Mannequin.uexp" 65
"C:/Users/u1378106/Documents/EAE/Spring Semester/Level Design/SideScrollerLevel/Content/Mannequin/Animations/ThirdPersonWalk.uasset" 66
"C:/Users/u1378106/Documents/EAE/Spring Semester/Level Design/SideScrollerLevel/Content/Mannequin/Animations/ThirdPersonWalk.uexp" 67
"C:/Users/u1378106/Documents/EAE/Spring Semester/Level Design/SideScrollerLevel/Content/Mannequin/Animations/ThirdPersonRun.uasset" 68
"C:/Users/u1378106/Documents/EAE/Spring Semester/Level Design/SideScrollerLevel/Content/Mannequin/Animations/ThirdPersonRun.uexp" 69
"C:/Users/u1378106/Documents/EAE/Spring Semester/Level Design/SideScrollerLevel/Content/Mannequin/Animations/ThirdPersonIdle.uasset" 70
"C:/Users/u1378106/Documents/EAE/Spring Semester/Level Design/SideScrollerLevel/Content/Mannequin/Animations/ThirdPersonIdle.uexp" 71
"C:/Users/u1378106/Documents/EAE/Spring Semester/Level Design/SideScrollerLevel/Content/Mannequin/Animations/ThirdPerson_IdleRun_2D.uasset" 72
"C:/Users/u1378106/Documents/EAE/Spring Semester/Level Design/SideScrollerLevel/Content/Mannequin/Animations/ThirdPerson_IdleRun_2D.uexp" 73
"C:/Users/u1378106/Documents/EAE/Spring Semester/Level Design/SideScrollerLevel/Content/Mannequin/Animations/ThirdPerson_Jump.uasset" 74
"C:/Users/u1378106/Documents/EAE/Spring Semester/Level Design/SideScrollerLevel/Content/Mannequin/Animations/ThirdPerson_Jump.uexp" 75
"C:/Users/u1378106/Documents/EAE/Spring Semester/Level Design/SideScrollerLevel/Content/Mannequin/Animations/ThirdPersonJump_Start.uasset" 76
"C:/Users/u1378106/Documents/EAE/Spring Semester/Level Design/SideScrollerLevel/Content/Mannequin/Animations/ThirdPersonJump_Start.uexp" 77
"C:/Users/u1378106/Documents/EAE/Spring Semester/Level Design/SideScrollerLevel/Content/Mannequin/Animations/ThirdPersonJump_Loop.uasset" 78
"C:/Users/u1378106/Documents/EAE/Spring Semester/Level Design/SideScrollerLevel/Content/Mannequin/Animations/ThirdPersonJump_Loop.uexp" 79
"../../../Engine/Content/EditorBlueprintResources/StandardMacros.uasset" 80
"../../../Engine/Content/EditorBlueprintResources/StandardMacros.uexp" 81
"C:/Users/u1378106/Documents/EAE/Spring Semester/Level Design/SideScrollerLevel/Content/Mannequin/Animations/ThirdPerson_AnimBP.uasset" 82
"C:/Users/u1378106/Documents/EAE/Spring Semester/Level Design/SideScrollerLevel/Content/Mannequin/Animations/ThirdPerson_AnimBP.uexp" 83
"../../../Engine/Content/BasicShapes/Cube.uasset" 84
"../../../Engine/Content/BasicShapes/Cube.uexp" 85
"C:/Users/u1378106/Documents/EAE/Spring Semester/Level Design/SideScrollerLevel/Content/Materials/Icy.uasset" 86
"C:/Users/u1378106/Documents/EAE/Spring Semester/Level Design/SideScrollerLevel/Content/Materials/Icy.uexp" 87
"C:/Users/u1378106/Documents/EAE/Spring Semester/Level Design/SideScrollerLevel/Content/Blueprints/BP_Helper.uasset" 88
"C:/Users/u1378106/Documents/EAE/Spring Semester/Level Design/SideScrollerLevel/Content/Blueprints/BP_Helper.uexp" 89
"C:/Users/u1378106/Documents/EAE/Spring Semester/Level Design/SideScrollerLevel/Content/Audios/spawnSound.uasset" 90
"C:/Users/u1378106/Documents/EAE/Spring Semester/Level Design/SideScrollerLevel/Content/Audios/spawnSound.uexp" 91
"C:/Users/u1378106/Documents/EAE/Spring Semester/Level Design/SideScrollerLevel/Content/Audios/spawnSound_Cue.uasset" 92
"C:/Users/u1378106/Documents/EAE/Spring Semester/Level Design/SideScrollerLevel/Content/Audios/spawnSound_Cue.uexp" 93
"C:/Users/u1378106/Documents/EAE/Spring Semester/Level Design/SideScrollerLevel/Content/SideScrollerBP/Blueprints/SideScrollerCharacter.uasset" 94
"C:/Users/u1378106/Documents/EAE/Spring Semester/Level Design/SideScrollerLevel/Content/SideScrollerBP/Blueprints/SideScrollerCharacter.uexp" 95
"C:/Users/u1378106/Documents/EAE/Spring Semester/Level Design/SideScrollerLevel/Content/Blueprints/BP_Crystal.uasset" 96
"C:/Users/u1378106/Documents/EAE/Spring Semester/Level Design/SideScrollerLevel/Content/Blueprints/BP_Crystal.uexp" 97
"C:/Users/u1378106/Documents/EAE/Spring Semester/Level Design/SideScrollerLevel/Content/Materials/SlantStairs.uasset" 98
"C:/Users/u1378106/Documents/EAE/Spring Semester/Level Design/SideScrollerLevel/Content/Materials/SlantStairs.uexp" 99
"C:/Users/u1378106/Documents/EAE/Spring Semester/Level Design/SideScrollerLevel/Content/Blueprints/BP_Platform.uasset" 100
"C:/Users/u1378106/Documents/EAE/Spring Semester/Level Design/SideScrollerLevel/Content/Blueprints/BP_Platform.uexp" 101
"C:/Users/u1378106/Documents/EAE/Spring Semester/Level Design/SideScrollerLevel/Content/Geometry/Meshes/CubeMaterial.uasset" 102
"C:/Users/u1378106/Documents/EAE/Spring Semester/Level Design/SideScrollerLevel/Content/Geometry/Meshes/CubeMaterial.uexp" 103
"C:/Users/u1378106/Documents/EAE/Spring Semester/Level Design/SideScrollerLevel/Content/Geometry/Meshes/1M_Cube_Chamfer.uasset" 104
"C:/Users/u1378106/Documents/EAE/Spring Semester/Level Design/SideScrollerLevel/Content/Geometry/Meshes/1M_Cube_Chamfer.uexp" 105
"C:/Users/u1378106/Documents/EAE/Spring Semester/Level Design/SideScrollerLevel/Content/GoodSky/Source/Textures/T_GoodSky_noise_smooth.uasset" 106
"C:/Users/u1378106/Documents/EAE/Spring Semester/Level Design/SideScrollerLevel/Content/GoodSky/Source/Textures/T_GoodSky_noise_smooth.uexp" 107
"C:/Users/u1378106/Documents/EAE/Spring Semester/Level Design/SideScrollerLevel/Content/GoodSky/Source/Textures/T_GoodSky_noise_smooth.ubulk" 108
"C:/Users/u1378106/Documents/EAE/Spring Semester/Level Design/SideScrollerLevel/Content/GoodSky/Source/Materials/Material_Function/MF_GoodSky_LightningFlick.uasset" 109
"C:/Users/u1378106/Documents/EAE/Spring Semester/Level Design/SideScrollerLevel/Content/GoodSky/Source/Materials/Material_Function/MF_GoodSky_LightningFlick.uexp" 110
"C:/Users/u1378106/Documents/EAE/Spring Semester/Level Design/SideScrollerLevel/Content/GoodSky/Source/Materials/Light_Function/M_GoodSky_StormLightning_LightFunction.uasset" 111
"C:/Users/u1378106/Documents/EAE/Spring Semester/Level Design/SideScrollerLevel/Content/GoodSky/Source/Materials/Light_Function/M_GoodSky_StormLightning_LightFunction.uexp" 112
"C:/Users/u1378106/Documents/EAE/Spring Semester/Level Design/SideScrollerLevel/Content/Mannequin/Animations/ThirdPersonJump_End.uasset" 113
"C:/Users/u1378106/Documents/EAE/Spring Semester/Level Design/SideScrollerLevel/Content/Mannequin/Animations/ThirdPersonJump_End.uexp" 114
"C:/Users/u1378106/Documents/EAE/Spring Semester/Level Design/SideScrollerLevel/Content/Mannequin/Character/Mesh/SK_Mannequin_Female_PhysicsAsset.uasset" 115
"C:/Users/u1378106/Documents/EAE/Spring Semester/Level Design/SideScrollerLevel/Content/Mannequin/Character/Mesh/SK_Mannequin_Female_PhysicsAsset.uexp" 116
"C:/Users/u1378106/Documents/EAE/Spring Semester/Level Design/SideScrollerLevel/Content/Mannequin/Character/Textures/T_Female_N.uasset" 117
"C:/Users/u1378106/Documents/EAE/Spring Semester/Level Design/SideScrollerLevel/Content/Mannequin/Character/Textures/T_Female_N.uexp" 118
"C:/Users/u1378106/Documents/EAE/Spring Semester/Level Design/SideScrollerLevel/Content/Mannequin/Character/Textures/T_Female_N.ubulk" 119
"C:/Users/u1378106/Documents/EAE/Spring Semester/Level Design/SideScrollerLevel/Content/Mannequin/Character/Textures/T_Female_Mask.uasset" 120
"C:/Users/u1378106/Documents/EAE/Spring Semester/Level Design/SideScrollerLevel/Content/Mannequin/Character/Textures/T_Female_Mask.uexp" 121
"C:/Users/u1378106/Documents/EAE/Spring Semester/Level Design/SideScrollerLevel/Content/Mannequin/Character/Textures/T_Female_Mask.ubulk" 122
"C:/Users/u1378106/Documents/EAE/Spring Semester/Level Design/SideScrollerLevel/Content/Mannequin/Character/Materials/MI_Female_Body.uasset" 123
"C:/Users/u1378106/Documents/EAE/Spring Semester/Level Design/SideScrollerLevel/Content/Mannequin/Character/Materials/MI_Female_Body.uexp" 124
"C:/Users/u1378106/Documents/EAE/Spring Semester/Level Design/SideScrollerLevel/Content/Mannequin/Character/Mesh/SK_Mannequin_Female.uasset" 125
"C:/Users/u1378106/Documents/EAE/Spring Semester/Level Design/SideScrollerLevel/Content/Mannequin/Character/Mesh/SK_Mannequin_Female.uexp" 126
"C:/Users/u1378106/Documents/EAE/Spring Semester/Level Design/SideScrollerLevel/Content/Materials/Blue.uasset" 127
"C:/Users/u1378106/Documents/EAE/Spring Semester/Level Design/SideScrollerLevel/Content/Materials/Blue.uexp" 128
"C:/Users/u1378106/Documents/EAE/Spring Semester/Level Design/SideScrollerLevel/Content/Materials/BlueFire.uasset" 129
"C:/Users/u1378106/Documents/EAE/Spring Semester/Level Design/SideScrollerLevel/Content/Materials/BlueFire.uexp" 130
"C:/Users/u1378106/Documents/EAE/Spring Semester/Level Design/SideScrollerLevel/Content/Materials/Fire.uasset" 131
"C:/Users/u1378106/Documents/EAE/Spring Semester/Level Design/SideScrollerLevel/Content/Materials/Fire.uexp" 132
"C:/Users/u1378106/Documents/EAE/Spring Semester/Level Design/SideScrollerLevel/Content/Materials/Greeny.uasset" 133
"C:/Users/u1378106/Documents/EAE/Spring Semester/Level Design/SideScrollerLevel/Content/Materials/Greeny.uexp" 134
"C:/Users/u1378106/Documents/EAE/Spring Semester/Level Design/SideScrollerLevel/Content/Materials/Lava.uasset" 135
"C:/Users/u1378106/Documents/EAE/Spring Semester/Level Design/SideScrollerLevel/Content/Materials/Lava.uexp" 136
"C:/Users/u1378106/Documents/EAE/Spring Semester/Level Design/SideScrollerLevel/Content/Materials/M-FOG.uasset" 137
"C:/Users/u1378106/Documents/EAE/Spring Semester/Level Design/SideScrollerLevel/Content/Materials/M-FOG.uexp" 138
"C:/Users/u1378106/Documents/EAE/Spring Semester/Level Design/SideScrollerLevel/Content/Materials/Red.uasset" 139
"C:/Users/u1378106/Documents/EAE/Spring Semester/Level Design/SideScrollerLevel/Content/Materials/Red.uexp" 140
"C:/Users/u1378106/Documents/EAE/Spring Semester/Level Design/SideScrollerLevel/Content/Materials/RingFire2.uasset" 141
"C:/Users/u1378106/Documents/EAE/Spring Semester/Level Design/SideScrollerLevel/Content/Materials/RingFire2.uexp" 142
"C:/Users/u1378106/Documents/EAE/Spring Semester/Level Design/SideScrollerLevel/Content/Materials/Rings.uasset" 143
"C:/Users/u1378106/Documents/EAE/Spring Semester/Level Design/SideScrollerLevel/Content/Materials/Rings.uexp" 144
"C:/Users/u1378106/Documents/EAE/Spring Semester/Level Design/SideScrollerLevel/Content/Materials/Rocky.uasset" 145
"C:/Users/u1378106/Documents/EAE/Spring Semester/Level Design/SideScrollerLevel/Content/Materials/Rocky.uexp" 146
"C:/Users/u1378106/Documents/EAE/Spring Semester/Level Design/SideScrollerLevel/Content/Materials/StairsDiag.uasset" 147
"C:/Users/u1378106/Documents/EAE/Spring Semester/Level Design/SideScrollerLevel/Content/Materials/StairsDiag.uexp" 148
"C:/Users/u1378106/Documents/EAE/Spring Semester/Level Design/SideScrollerLevel/Content/Materials/Water.uasset" 149
"C:/Users/u1378106/Documents/EAE/Spring Semester/Level Design/SideScrollerLevel/Content/Materials/Water.uexp" 150
"C:/Users/u1378106/Documents/EAE/Spring Semester/Level Design/SideScrollerLevel/Content/Materials/White.uasset" 151
"C:/Users/u1378106/Documents/EAE/Spring Semester/Level Design/SideScrollerLevel/Content/Materials/White.uexp" 152
"C:/Users/u1378106/Documents/EAE/Spring Semester/Level Design/SideScrollerLevel/Content/Materials/Yellow.uasset" 153
"C:/Users/u1378106/Documents/EAE/Spring Semester/Level Design/SideScrollerLevel/Content/Materials/Yellow.uexp" 154
"C:/Users/u1378106/Documents/EAE/Spring Semester/Level Design/SideScrollerLevel/Content/SideScrollerBP/Meshes/CubeMaterial.uasset" 155
"C:/Users/u1378106/Documents/EAE/Spring Semester/Level Design/SideScrollerLevel/Content/SideScrollerBP/Meshes/CubeMaterial.uexp" 156
"C:/Users/u1378106/Documents/EAE/Spring Semester/Level Design/SideScrollerLevel/Content/SideScrollerBP/Meshes/Ramp_Mesh.uasset" 157
"C:/Users/u1378106/Documents/EAE/Spring Semester/Level Design/SideScrollerLevel/Content/SideScrollerBP/Meshes/Ramp_Mesh.uexp" 158
"../../../Engine/Content/Animation/DefaultAnimBoneCompressionSettings.uasset" 159
"../../../Engine/Content/Animation/DefaultAnimBoneCompressionSettings.uexp" 160
"../../../Engine/Content/Animation/DefaultAnimCurveCompressionSettings.uasset" 161
"../../../Engine/Content/Animation/DefaultAnimCurveCompressionSettings.uexp" 162
"../../../Engine/Content/ArtTools/RenderToTexture/Meshes/S_1_Unit_Plane.uasset" 163
"../../../Engine/Content/ArtTools/RenderToTexture/Meshes/S_1_Unit_Plane.uexp" 164
"../../../Engine/Content/EditorLandscapeResources/DataLayer.uasset" 165
"../../../Engine/Content/EditorLandscapeResources/DataLayer.uexp" 166
"../../../Engine/Content/EditorLandscapeResources/DefaultAlphaTexture.uasset" 167
"../../../Engine/Content/EditorLandscapeResources/DefaultAlphaTexture.uexp" 168
"../../../Engine/Content/EditorMaterials/MAT_Groups_Toggle.uasset" 169
"../../../Engine/Content/EditorMaterials/MAT_Groups_Toggle.uexp" 170
"../../../Engine/Content/EditorMaterials/MAT_Groups_Visibility.uasset" 171
"../../../Engine/Content/EditorMaterials/MAT_Groups_Visibility.uexp" 172
"../../../Engine/Content/EditorMaterials/PreviewShadowIndicator.uasset" 173
"../../../Engine/Content/EditorMaterials/PreviewShadowIndicator.uexp" 174
"../../../Engine/Content/EditorMaterials/PreviewShadowIndicator.ubulk" 175
"../../../Engine/Content/EditorMaterials/PreviewShadowIndicatorMaterial.uasset" 176
"../../../Engine/Content/EditorMaterials/PreviewShadowIndicatorMaterial.uexp" 177
"../../../Engine/Content/EditorMaterials/MatineeGroups/MAT_ColorTrack.uasset" 178
"../../../Engine/Content/EditorMaterials/MatineeGroups/MAT_ColorTrack.uexp" 179
"../../../Engine/Content/EditorMaterials/MatineeGroups/MAT_Groups_Anim.uasset" 180
"../../../Engine/Content/EditorMaterials/MatineeGroups/MAT_Groups_Anim.uexp" 181
"../../../Engine/Content/EditorMaterials/MatineeGroups/MAT_Groups_AudioMaster.uasset" 182
"../../../Engine/Content/EditorMaterials/MatineeGroups/MAT_Groups_AudioMaster.uexp" 183
"../../../Engine/Content/EditorMaterials/MatineeGroups/MAT_Groups_Director.uasset" 184
"../../../Engine/Content/EditorMaterials/MatineeGroups/MAT_Groups_Director.uexp" 185
"../../../Engine/Content/EditorMaterials/MatineeGroups/MAT_Groups_Event.uasset" 186
"../../../Engine/Content/EditorMaterials/MatineeGroups/MAT_Groups_Event.uexp" 187
"../../../Engine/Content/EditorMaterials/MatineeGroups/MAT_Groups_Fade.uasset" 188
"../../../Engine/Content/EditorMaterials/MatineeGroups/MAT_Groups_Fade.uexp" 189
"../../../Engine/Content/EditorMaterials/MatineeGroups/MAT_Groups_Float.uasset" 190
"../../../Engine/Content/EditorMaterials/MatineeGroups/MAT_Groups_Float.uexp" 191
"../../../Engine/Content/EditorMaterials/MatineeGroups/MAT_Groups_Move.uasset" 192
"../../../Engine/Content/EditorMaterials/MatineeGroups/MAT_Groups_Move.uexp" 193
"../../../Engine/Content/EditorMaterials/MatineeGroups/MAT_Groups_Slomo.uasset" 194
"../../../Engine/Content/EditorMaterials/MatineeGroups/MAT_Groups_Slomo.uexp" 195
"../../../Engine/Content/EditorMaterials/MatineeGroups/MAT_Groups_Sound.uasset" 196
"../../../Engine/Content/EditorMaterials/MatineeGroups/MAT_Groups_Sound.uexp" 197
"../../../Engine/Content/EditorMaterials/MatineeGroups/MAT_Groups_Vector.uasset" 198
"../../../Engine/Content/EditorMaterials/MatineeGroups/MAT_Groups_Vector.uexp" 199
"../../../Engine/Content/EditorMaterials/ParticleSystems/PSysThumbnail_NoImage.uasset" 200
"../../../Engine/Content/EditorMaterials/ParticleSystems/PSysThumbnail_NoImage.uexp" 201
"../../../Engine/Content/EditorMaterials/ParticleSystems/PSysThumbnail_NoImage.ubulk" 202
"../../../Engine/Content/EditorMaterials/ParticleSystems/PSysThumbnail_OOD.uasset" 203
"../../../Engine/Content/EditorMaterials/ParticleSystems/PSysThumbnail_OOD.uexp" 204
"../../../Engine/Content/EditorMaterials/ParticleSystems/PSysThumbnail_OOD.ubulk" 205
"../../../Engine/Content/EditorMaterials/Camera/CineMat.uasset" 206
"../../../Engine/Content/EditorMaterials/Camera/CineMat.uexp" 207
"../../../Engine/Content/EditorMaterials/Camera/MI_CineMat_Rig.uasset" 208
"../../../Engine/Content/EditorMaterials/Camera/MI_CineMat_Rig.uexp" 209
"../../../Engine/Content/EditorMeshes/Camera/SM_CraneRig_Arm.uasset" 210
"../../../Engine/Content/EditorMeshes/Camera/SM_CraneRig_Arm.uexp" 211
"../../../Engine/Content/EditorMeshes/Camera/SM_CraneRig_Base.uasset" 212
"../../../Engine/Content/EditorMeshes/Camera/SM_CraneRig_Base.uexp" 213
"../../../Engine/Content/EditorMeshes/Camera/SM_CraneRig_Body.uasset" 214
"../../../Engine/Content/EditorMeshes/Camera/SM_CraneRig_Body.uexp" 215
"../../../Engine/Content/EditorMeshes/Camera/SM_CraneRig_Mount.uasset" 216
"../../../Engine/Content/EditorMeshes/Camera/SM_CraneRig_Mount.uexp" 217
"../../../Engine/Content/EditorMeshes/Camera/SM_RailRig_Mount.uasset" 218
"../../../Engine/Content/EditorMeshes/Camera/SM_RailRig_Mount.uexp" 219
"../../../Engine/Content/EditorMeshes/Camera/SM_RailRig_Track.uasset" 220
"../../../Engine/Content/EditorMeshes/Camera/SM_RailRig_Track.uexp" 221
"../../../Engine/Content/EditorResources/BSPVertex.uasset" 222
"../../../Engine/Content/EditorResources/BSPVertex.uexp" 223
"../../../Engine/Content/EditorResources/EmptyActor.uasset" 224
"../../../Engine/Content/EditorResources/EmptyActor.uexp" 225
"../../../Engine/Content/EditorResources/S_Actor.uasset" 226
"../../../Engine/Content/EditorResources/S_Actor.uexp" 227
"../../../Engine/Content/EditorResources/S_Actor.ubulk" 228
"../../../Engine/Content/EditorResources/S_Note.uasset" 229
"../../../Engine/Content/EditorResources/S_Note.uexp" 230
"../../../Engine/Content/EditorResources/S_Note.ubulk" 231
"../../../Engine/Content/EditorResources/S_Solver.uasset" 232
"../../../Engine/Content/EditorResources/S_Solver.uexp" 233
"../../../Engine/Content/EditorResources/S_Solver.ubulk" 234
"../../../Engine/Content/EditorResources/S_Terrain.uasset" 235
"../../../Engine/Content/EditorResources/S_Terrain.uexp" 236
"../../../Engine/Content/EditorResources/S_Terrain.ubulk" 237
"../../../Engine/Content/EditorResources/S_Trigger.uasset" 238
"../../../Engine/Content/EditorResources/S_Trigger.uexp" 239
"../../../Engine/Content/EditorResources/S_Trigger.ubulk" 240
"../../../Engine/Content/EditorResources/SequenceRecorder/Countdown.uasset" 241
"../../../Engine/Content/EditorResources/SequenceRecorder/Countdown.uexp" 242
"../../../Engine/Content/EditorResources/SequenceRecorder/RecordingIndicator.uasset" 243
"../../../Engine/Content/EditorResources/SequenceRecorder/RecordingIndicator.uexp" 244
"../../../Engine/Content/EngineDamageTypes/DmgTypeBP_Environmental.uasset" 245
"../../../Engine/Content/EngineDamageTypes/DmgTypeBP_Environmental.uexp" 246
"../../../Engine/Content/EngineDebugMaterials/DebugEditorMaterial.uasset" 247
"../../../Engine/Content/EngineDebugMaterials/DebugEditorMaterial.uexp" 248
"../../../Engine/Content/EngineDebugMaterials/DebugMeshMaterial.uasset" 249
"../../../Engine/Content/EngineDebugMaterials/DebugMeshMaterial.uexp" 250
"../../../Engine/Content/EngineDebugMaterials/M_SimpleUnlitTranslucent.uasset" 251
"../../../Engine/Content/EngineDebugMaterials/M_SimpleUnlitTranslucent.uexp" 252
"../../../Engine/Content/EngineDebugMaterials/VolumeToRender.uasset" 253
"../../../Engine/Content/EngineDebugMaterials/VolumeToRender.uexp" 254
"../../../Engine/Content/Functions/Engine_MaterialFunctions02/Utility/CameraDirectionVector.uasset" 255
"../../../Engine/Content/Functions/Engine_MaterialFunctions02/Utility/CameraDirectionVector.uexp" 256
"../../../Engine/Content/EngineDebugMaterials/M_VolumeRenderSphereTracePP.uasset" 257
"../../../Engine/Content/EngineDebugMaterials/M_VolumeRenderSphereTracePP.uexp" 258
"../../../Engine/Content/Functions/Engine_MaterialFunctions01/Shading/ConvertFromDiffSpec.uasset" 259
"../../../Engine/Content/Functions/Engine_MaterialFunctions01/Shading/ConvertFromDiffSpec.uexp" 260
"../../../Engine/Content/EngineDebugMaterials/VertexColorMaterial.uasset" 261
"../../../Engine/Content/EngineDebugMaterials/VertexColorMaterial.uexp" 262
"../../../Engine/Content/EngineDebugMaterials/WireframeMaterial.uasset" 263
"../../../Engine/Content/EngineDebugMaterials/WireframeMaterial.uexp" 264
"../../../Engine/Content/EngineFonts/Faces/RobotoRegular.uasset" 265
"../../../Engine/Content/EngineFonts/Faces/RobotoRegular.uexp" 266
"../../../Engine/Content/EngineFonts/Faces/RobotoRegular.ufont" 267
"../../../Engine/Content/EngineFonts/Faces/RobotoLight.uasset" 268
"../../../Engine/Content/EngineFonts/Faces/RobotoLight.uexp" 269
"../../../Engine/Content/EngineFonts/Faces/RobotoLight.ufont" 270
"../../../Engine/Content/EngineFonts/Faces/RobotoItalic.uasset" 271
"../../../Engine/Content/EngineFonts/Faces/RobotoItalic.uexp" 272
"../../../Engine/Content/EngineFonts/Faces/RobotoItalic.ufont" 273
"../../../Engine/Content/EngineFonts/Faces/RobotoBoldItalic.uasset" 274
"../../../Engine/Content/EngineFonts/Faces/RobotoBoldItalic.uexp" 275
"../../../Engine/Content/EngineFonts/Faces/RobotoBoldItalic.ufont" 276
"../../../Engine/Content/EngineFonts/Faces/RobotoBold.uasset" 277
"../../../Engine/Content/EngineFonts/Faces/RobotoBold.uexp" 278
"../../../Engine/Content/EngineFonts/Faces/RobotoBold.ufont" 279
"../../../Engine/Content/EngineFonts/Faces/DroidSansFallback.uasset" 280
"../../../Engine/Content/EngineFonts/Faces/DroidSansFallback.uexp" 281
"../../../Engine/Content/EngineFonts/Faces/DroidSansFallback.ufont" 282
"../../../Engine/Content/EngineFonts/Roboto.uasset" 283
"../../../Engine/Content/EngineFonts/Roboto.uexp" 284
"../../../Engine/Content/EngineMaterials/BaseFlattenNormalMap.uasset" 285
"../../../Engine/Content/EngineMaterials/BaseFlattenNormalMap.uexp" 286
"../../../Engine/Content/EngineMaterials/BaseFlattenGrayscaleMap.uasset" 287
"../../../Engine/Content/EngineMaterials/BaseFlattenGrayscaleMap.uexp" 288
"../../../Engine/Content/EngineMaterials/BaseFlattenEmissiveMap.uasset" 289
"../../../Engine/Content/EngineMaterials/BaseFlattenEmissiveMap.uexp" 290
"../../../Engine/Content/EngineMaterials/BaseFlattenDiffuseMap.uasset" 291
"../../../Engine/Content/EngineMaterials/BaseFlattenDiffuseMap.uexp" 292
"../../../Engine/Content/EngineMaterials/BaseFlattenMaterial.uasset" 293
"../../../Engine/Content/EngineMaterials/BaseFlattenMaterial.uexp" 294
"../../../Engine/Content/EngineMaterials/BlueNoise.uasset" 295
"../../../Engine/Content/EngineMaterials/BlueNoise.uexp" 296
"../../../Engine/Content/EngineMaterials/DefaultBloomKernel.uasset" 297
"../../../Engine/Content/EngineMaterials/DefaultBloomKernel.uexp" 298
"../../../Engine/Content/EngineMaterials/DefaultBokeh.uasset" 299
"../../../Engine/Content/EngineMaterials/DefaultBokeh.uexp" 300
"../../../Engine/Content/EngineMaterials/DefaultDiffuse.uasset" 301
"../../../Engine/Content/EngineMaterials/DefaultDiffuse.uexp" 302
"../../../Engine/Content/EngineMaterials/DefaultDiffuse.ubulk" 303
"../../../Engine/Content/EngineMaterials/DefaultDeferredDecalMaterial.uasset" 304
"../../../Engine/Content/EngineMaterials/DefaultDeferredDecalMaterial.uexp" 305
"../../../Engine/Content/EngineMaterials/DefaultLightFunctionMaterial.uasset" 306
"../../../Engine/Content/EngineMaterials/DefaultLightFunctionMaterial.uexp" 307
"../../../Engine/Content/EngineMaterials/DefaultPhysicalMaterial.uasset" 308
"../../../Engine/Content/EngineMaterials/DefaultPhysicalMaterial.uexp" 309
"../../../Engine/Content/Functions/Engine_MaterialFunctions02/Utility/BreakOutFloat2Components.uasset" 310
"../../../Engine/Content/Functions/Engine_MaterialFunctions02/Utility/BreakOutFloat2Components.uexp" 311
"../../../Engine/Content/EngineMaterials/DefaultPostProcessMaterial.uasset" 312
"../../../Engine/Content/EngineMaterials/DefaultPostProcessMaterial.uexp" 313
"../../../Engine/Content/EngineFonts/RobotoDistanceField.uasset" 314
"../../../Engine/Content/EngineFonts/RobotoDistanceField.uexp" 315
"../../../Engine/Content/EngineMaterials/DefaultTextMaterialOpaque.uasset" 316
"../../../Engine/Content/EngineMaterials/DefaultTextMaterialOpaque.uexp" 317
"../../../Engine/Content/EngineMaterials/DefaultWhiteGrid.uasset" 318
"../../../Engine/Content/EngineMaterials/DefaultWhiteGrid.uexp" 319
"../../../Engine/Content/EngineMaterials/DefaultWhiteGrid.ubulk" 320
"../../../Engine/Content/EngineMaterials/DefaultWhiteGrid_Low.uasset" 321
"../../../Engine/Content/EngineMaterials/DefaultWhiteGrid_Low.uexp" 322
"../../../Engine/Content/EngineMaterials/EmissiveMeshMaterial.uasset" 323
"../../../Engine/Content/EngineMaterials/EmissiveMeshMaterial.uexp" 324
"../../../Engine/Content/EngineMaterials/GizmoMaterial.uasset" 325
"../../../Engine/Content/EngineMaterials/GizmoMaterial.uexp" 326
"../../../Engine/Content/EngineMaterials/Good64x64TilingNoiseHighFreq.uasset" 327
"../../../Engine/Content/EngineMaterials/Good64x64TilingNoiseHighFreq.uexp" 328
"../../../Engine/Content/EngineMaterials/MiniFont.uasset" 329
"../../../Engine/Content/EngineMaterials/MiniFont.uexp" 330
"../../../Engine/Content/EngineMaterials/InvalidLightmapSettings.uasset" 331
"../../../Engine/Content/EngineMaterials/InvalidLightmapSettings.uexp" 332
"../../../Engine/Content/EngineMaterials/InvalidLightmapSettings.ubulk" 333
"../../../Engine/Content/EngineMaterials/M_InvalidLightmapSettings.uasset" 334
"../../../Engine/Content/EngineMaterials/M_InvalidLightmapSettings.uexp" 335
"../../../Engine/Content/Functions/Engine_MaterialFunctions02/WorldPositionOffset/CameraOffset.uasset" 336
"../../../Engine/Content/Functions/Engine_MaterialFunctions02/WorldPositionOffset/CameraOffset.uexp" 337
"../../../Engine/Content/EngineMaterials/PhAT_JointLimitMaterial.uasset" 338
"../../../Engine/Content/EngineMaterials/PhAT_JointLimitMaterial.uexp" 339
"../../../Engine/Content/EngineMaterials/DefaultCalibrationColor.uasset" 340
"../../../Engine/Content/EngineMaterials/DefaultCalibrationColor.uexp" 341
"../../../Engine/Content/EngineMaterials/PPM_DefaultCalibrationColor.uasset" 342
"../../../Engine/Content/EngineMaterials/PPM_DefaultCalibrationColor.uexp" 343
"../../../Engine/Content/EngineMaterials/DefaultCalibrationGrayscale.uasset" 344
"../../../Engine/Content/EngineMaterials/DefaultCalibrationGrayscale.uexp" 345
"../../../Engine/Content/EngineMaterials/PPM_DefaultCalibrationGrayscale.uasset" 346
"../../../Engine/Content/EngineMaterials/PPM_DefaultCalibrationGrayscale.uexp" 347
"../../../Engine/Content/EngineMaterials/PreintegratedSkinBRDF.uasset" 348
"../../../Engine/Content/EngineMaterials/PreintegratedSkinBRDF.uexp" 349
"../../../Engine/Content/EngineMaterials/RemoveSurfaceMaterial.uasset" 350
"../../../Engine/Content/EngineMaterials/RemoveSurfaceMaterial.uexp" 351
"../../../Engine/Content/EngineMaterials/WeightMapPlaceholderTexture.uasset" 352
"../../../Engine/Content/EngineMaterials/WeightMapPlaceholderTexture.uexp" 353
"../../../Engine/Content/EngineResources/WhiteSquareTexture.uasset" 354
"../../../Engine/Content/EngineResources/WhiteSquareTexture.uexp" 355
"../../../Engine/Content/EngineMaterials/Widget3DPassThrough.uasset" 356
"../../../Engine/Content/EngineMaterials/Widget3DPassThrough.uexp" 357
"../../../Engine/Content/EngineMaterials/Widget3DPassThrough_Masked.uasset" 358
"../../../Engine/Content/EngineMaterials/Widget3DPassThrough_Masked.uexp" 359
"../../../Engine/Content/EngineMaterials/Widget3DPassThrough_Opaque.uasset" 360
"../../../Engine/Content/EngineMaterials/Widget3DPassThrough_Opaque.uexp" 361
"../../../Engine/Content/EngineMaterials/Widget3DPassThrough_Masked_OneSided.uasset" 362
"../../../Engine/Content/EngineMaterials/Widget3DPassThrough_Masked_OneSided.uexp" 363
"../../../Engine/Content/EngineMaterials/Widget3DPassThrough_Opaque_OneSided.uasset" 364
"../../../Engine/Content/EngineMaterials/Widget3DPassThrough_Opaque_OneSided.uexp" 365
"../../../Engine/Content/EngineMaterials/Widget3DPassThrough_Translucent.uasset" 366
"../../../Engine/Content/EngineMaterials/Widget3DPassThrough_Translucent.uexp" 367
"../../../Engine/Content/EngineMaterials/Widget3DPassThrough_Translucent_OneSided.uasset" 368
"../../../Engine/Content/EngineMaterials/Widget3DPassThrough_Translucent_OneSided.uexp" 369
"../../../Engine/Content/EngineMaterials/DefaultMaterial.uasset" 370
"../../../Engine/Content/EngineMaterials/DefaultMaterial.uexp" 371
"../../../Engine/Content/EngineMeshes/Cylinder.uasset" 372
"../../../Engine/Content/EngineMeshes/Cylinder.uexp" 373
"../../../Engine/Content/EngineMeshes/Sphere.uasset" 374
"../../../Engine/Content/EngineMeshes/Sphere.uexp" 375
"../../../Engine/Content/EngineResources/DefaultTexture.uasset" 376
"../../../Engine/Content/EngineResources/DefaultTexture.uexp" 377
"../../../Engine/Content/EngineResources/DefaultTexture.ubulk" 378
"../../../Engine/Content/EngineResources/DefaultTextureCube.uasset" 379
"../../../Engine/Content/EngineResources/DefaultTextureCube.uexp" 380
"../../../Engine/Content/EngineResources/DefaultVolumeTexture2D.uasset" 381
"../../../Engine/Content/EngineResources/DefaultVolumeTexture2D.uexp" 382
"../../../Engine/Content/EngineResources/DefaultVolumeTexture.uasset" 383
"../../../Engine/Content/EngineResources/DefaultVolumeTexture.uexp" 384
"../../../Engine/Content/EngineResources/GradientTexture0.uasset" 385
"../../../Engine/Content/EngineResources/GradientTexture0.uexp" 386
"../../../Engine/Content/EngineSky/VolumetricClouds/T_NoiseShape64.uasset" 387
"../../../Engine/Content/EngineSky/VolumetricClouds/T_NoiseShape64.uexp" 388
"../../../Engine/Content/EngineSky/VolumetricClouds/T_NoiseShape64.ubulk" 389
"../../../Engine/Content/EngineSky/VolumetricClouds/T_VolumeNoiseShape64.uasset" 390
"../../../Engine/Content/EngineSky/VolumetricClouds/T_VolumeNoiseShape64.uexp" 391
"../../../Engine/Content/EngineSky/VolumetricClouds/T_NoiseErosion.uasset" 392
"../../../Engine/Content/EngineSky/VolumetricClouds/T_NoiseErosion.uexp" 393
"../../../Engine/Content/EngineSky/VolumetricClouds/T_NoiseErosion.ubulk" 394
"../../../Engine/Content/EngineSky/VolumetricClouds/T_VolumeNoiseErosion32.uasset" 395
"../../../Engine/Content/EngineSky/VolumetricClouds/T_VolumeNoiseErosion32.uexp" 396
"../../../Engine/Content/EngineSky/VolumetricClouds/CloudWeatherTexture.uasset" 397
"../../../Engine/Content/EngineSky/VolumetricClouds/CloudWeatherTexture.uexp" 398
"../../../Engine/Content/EngineSky/VolumetricClouds/CloudGradientTexture.uasset" 399
"../../../Engine/Content/EngineSky/VolumetricClouds/CloudGradientTexture.uexp" 400
"../../../Engine/Content/Functions/Engine_MaterialFunctions02/Utility/MakeFloat2.uasset" 401
"../../../Engine/Content/Functions/Engine_MaterialFunctions02/Utility/MakeFloat2.uexp" 402
"../../../Engine/Content/EngineSky/VolumetricClouds/m_SimpleVolumetricCloud.uasset" 403
"../../../Engine/Content/EngineSky/VolumetricClouds/m_SimpleVolumetricCloud.uexp" 404
"../../../Engine/Content/EngineSky/VolumetricClouds/m_SimpleVolumetricCloud_Inst.uasset" 405
"../../../Engine/Content/EngineSky/VolumetricClouds/m_SimpleVolumetricCloud_Inst.uexp" 406
"../../../Engine/Content/EngineSounds/Master.uasset" 407
"../../../Engine/Content/EngineSounds/Master.uexp" 408
"../../../Engine/Content/Functions/Engine_MaterialFunctions01/Shading/PowerToRoughness.uasset" 409
"../../../Engine/Content/Functions/Engine_MaterialFunctions01/Shading/PowerToRoughness.uexp" 410
"../../../Engine/Content/Maps/Templates/Thumbnails/Default.uasset" 411
"../../../Engine/Content/Maps/Templates/Thumbnails/Default.uexp" 412
"../../../Engine/Content/Maps/Templates/Thumbnails/TimeOfDay.uasset" 413
"../../../Engine/Content/Maps/Templates/Thumbnails/TimeOfDay.uexp" 414
"../../../Engine/Content/Maps/Templates/Thumbnails/VR-Basic.uasset" 415
"../../../Engine/Content/Maps/Templates/Thumbnails/VR-Basic.uexp" 416
"../../../Engine/Content/MobileResources/T_MobileControls_texture.uasset" 417
"../../../Engine/Content/MobileResources/T_MobileControls_texture.uexp" 418
"../../../Engine/Content/MobileResources/T_MobileMenu2.uasset" 419
"../../../Engine/Content/MobileResources/T_MobileMenu2.uexp" 420
"../../../Engine/Content/MobileResources/HUD/AnalogHat.uasset" 421
"../../../Engine/Content/MobileResources/HUD/AnalogHat.uexp" 422
"../../../Engine/Content/MobileResources/HUD/VirtualJoystick_Thumb.uasset" 423
"../../../Engine/Content/MobileResources/HUD/VirtualJoystick_Thumb.uexp" 424
"../../../Engine/Content/MobileResources/HUD/VirtualJoystick_Background.uasset" 425
"../../../Engine/Content/MobileResources/HUD/VirtualJoystick_Background.uexp" 426
"../../../Engine/Content/MobileResources/HUD/DefaultVirtualJoysticks.uasset" 427
"../../../Engine/Content/MobileResources/HUD/DefaultVirtualJoysticks.uexp" 428
"../../../Engine/Content/MobileResources/HUD/LeftVirtualJoystickOnly.uasset" 429
"../../../Engine/Content/MobileResources/HUD/LeftVirtualJoystickOnly.uexp" 430
"../../../Engine/Content/MobileResources/HUD/MobileHUDButton1_off.uasset" 431
"../../../Engine/Content/MobileResources/HUD/MobileHUDButton1_off.uexp" 432
"../../../Engine/Content/MobileResources/HUD/MobileHUDButton1_on.uasset" 433
"../../../Engine/Content/MobileResources/HUD/MobileHUDButton1_on.uexp" 434
"../../../Engine/Content/MobileResources/HUD/MobileHUDButton2_off.uasset" 435
"../../../Engine/Content/MobileResources/HUD/MobileHUDButton2_off.uexp" 436
"../../../Engine/Content/MobileResources/HUD/MobileHUDButton2_on.uasset" 437
"../../../Engine/Content/MobileResources/HUD/MobileHUDButton2_on.uexp" 438
"../../../Engine/Content/MobileResources/HUD/MobileHUDButton3.uasset" 439
"../../../Engine/Content/MobileResources/HUD/MobileHUDButton3.uexp" 440
"../../../Engine/Content/MobileResources/HUD/MobileHUDButtonFire.uasset" 441
"../../../Engine/Content/MobileResources/HUD/MobileHUDButtonFire.uexp" 442
"../../../Engine/Content/MobileResources/HUD/MobileHUDDirectionPad.uasset" 443
"../../../Engine/Content/MobileResources/HUD/MobileHUDDirectionPad.uexp" 444
"../../../Engine/Content/MobileResources/HUD/MobileHUDDirectionPad2.uasset" 445
"../../../Engine/Content/MobileResources/HUD/MobileHUDDirectionPad2.uexp" 446
"../../../Engine/Content/MobileResources/HUD/MobileHUDDirectionPad3.uasset" 447
"../../../Engine/Content/MobileResources/HUD/MobileHUDDirectionPad3.uexp" 448
"../../../Engine/Content/MobileResources/HUD/MobileHUDDirectionStick.uasset" 449
"../../../Engine/Content/MobileResources/HUD/MobileHUDDirectionStick.uexp" 450
"../../../Engine/Content/MobileResources/HUD/T_Castle_ThumbstickInner.uasset" 451
"../../../Engine/Content/MobileResources/HUD/T_Castle_ThumbstickInner.uexp" 452
"../../../Engine/Content/MobileResources/HUD/T_Castle_ThumbstickOutter.uasset" 453
"../../../Engine/Content/MobileResources/HUD/T_Castle_ThumbstickOutter.uexp" 454
"../../../Engine/Content/Tutorial/ContentIntroCurve.uasset" 455
"../../../Engine/Content/Tutorial/ContentIntroCurve.uexp" 456
"../../../Engine/Content/Tutorial/Basics/TutorialAssets/icon_tab_Levels_40x.uasset" 457
"../../../Engine/Content/Tutorial/Basics/TutorialAssets/icon_tab_Levels_40x.uexp" 458
"../../../Engine/Content/VREditor/TransformGizmo/TranslucentTransformGizmoMaterial.uasset" 459
"../../../Engine/Content/VREditor/TransformGizmo/TranslucentTransformGizmoMaterial.uexp" 460
"../../../Engine/Content/VREditor/LaserPointer/VR_LaserPower_01.uasset" 461
"../../../Engine/Content/VREditor/LaserPointer/VR_LaserPower_01.uexp" 462
"../../../Engine/Content/VREditor/LaserPointer/VR_LaserPower_01.ubulk" 463
"../../../Engine/Content/VREditor/TransformGizmo/TransformGizmoMaterial.uasset" 464
"../../../Engine/Content/VREditor/TransformGizmo/TransformGizmoMaterial.uexp" 465
"../../../Engine/Content/VREditor/TransformGizmo/BoundingBoxCorner.uasset" 466
"../../../Engine/Content/VREditor/TransformGizmo/BoundingBoxCorner.uexp" 467
"../../../Engine/Content/VREditor/TransformGizmo/BoundingBoxEdge.uasset" 468
"../../../Engine/Content/VREditor/TransformGizmo/BoundingBoxEdge.uexp" 469
"../../../Engine/Content/VREditor/TransformGizmo/PlaneTranslationHandle.uasset" 470
"../../../Engine/Content/VREditor/TransformGizmo/PlaneTranslationHandle.uexp" 471
"../../../Engine/Content/VREditor/TransformGizmo/Xray.uasset" 472
"../../../Engine/Content/VREditor/TransformGizmo/Xray.uexp" 473
"../../../Engine/Content/VREditor/TransformGizmo/Main.uasset" 474
"../../../Engine/Content/VREditor/TransformGizmo/Main.uexp" 475
"../../../Engine/Content/VREditor/TransformGizmo/SM_Sequencer_Key.uasset" 476
"../../../Engine/Content/VREditor/TransformGizmo/SM_Sequencer_Key.uexp" 477
"../../../Engine/Content/VREditor/TransformGizmo/SM_Sequencer_Node.uasset" 478
"../../../Engine/Content/VREditor/TransformGizmo/SM_Sequencer_Node.uexp" 479
"../../../Engine/Plugins/2D/Paper2D/Content/PlaceholderTextures/DummySpriteTexture.uasset" 480
"../../../Engine/Plugins/2D/Paper2D/Content/PlaceholderTextures/DummySpriteTexture.uexp" 481
"../../../Engine/Plugins/2D/Paper2D/Content/PlaceholderTextures/DummySpriteTexture.ubulk" 482
"../../../Engine/Plugins/2D/Paper2D/Content/DummySprite.uasset" 483
"../../../Engine/Plugins/2D/Paper2D/Content/DummySprite.uexp" 484
"../../../Engine/Plugins/2D/Paper2D/Content/DefaultPaperTerrainMaterial.uasset" 485
"../../../Engine/Plugins/2D/Paper2D/Content/DefaultPaperTerrainMaterial.uexp" 486
"../../../Engine/Plugins/2D/Paper2D/Content/DefaultSpriteMaterial.uasset" 487
"../../../Engine/Plugins/2D/Paper2D/Content/DefaultSpriteMaterial.uexp" 488
"../../../Engine/Plugins/2D/Paper2D/Content/MaskedUnlitSpriteMaterial.uasset" 489
"../../../Engine/Plugins/2D/Paper2D/Content/MaskedUnlitSpriteMaterial.uexp" 490
"../../../Engine/Plugins/2D/Paper2D/Content/OpaqueUnlitSpriteMaterial.uasset" 491
"../../../Engine/Plugins/2D/Paper2D/Content/OpaqueUnlitSpriteMaterial.uexp" 492
"../../../Engine/Content/Functions/Engine_MaterialFunctions02/Utility/BreakOutFloat3Components.uasset" 493
"../../../Engine/Content/Functions/Engine_MaterialFunctions02/Utility/BreakOutFloat3Components.uexp" 494
"../../../Engine/Plugins/Editor/SpeedTreeImporter/Content/SpeedTree9/UnpackInteger3.uasset" 495
"../../../Engine/Plugins/Editor/SpeedTreeImporter/Content/SpeedTree9/UnpackInteger3.uexp" 496
"../../../Engine/Plugins/Editor/SpeedTreeImporter/Content/SpeedTree9/UnpackDirection.uasset" 497
"../../../Engine/Plugins/Editor/SpeedTreeImporter/Content/SpeedTree9/UnpackDirection.uexp" 498
"../../../Engine/Plugins/Editor/SpeedTreeImporter/Content/SpeedTree9/game_wind_noise.uasset" 499
"../../../Engine/Plugins/Editor/SpeedTreeImporter/Content/SpeedTree9/game_wind_noise.uexp" 500
"../../../Engine/Plugins/Editor/SpeedTreeImporter/Content/SpeedTree9/game_wind_noise.ubulk" 501
"../../../Engine/Content/Functions/Engine_MaterialFunctions02/SafeNormalize.uasset" 502
"../../../Engine/Content/Functions/Engine_MaterialFunctions02/SafeNormalize.uexp" 503
"../../../Engine/Plugins/Editor/SpeedTreeImporter/Content/SpeedTree9/SpeedTreeWindMotion.uasset" 504
"../../../Engine/Plugins/Editor/SpeedTreeImporter/Content/SpeedTree9/SpeedTreeWindMotion.uexp" 505
"../../../Engine/Plugins/Editor/SpeedTreeImporter/Content/SpeedTree9/SpeedTreeBranchMotion.uasset" 506
"../../../Engine/Plugins/Editor/SpeedTreeImporter/Content/SpeedTree9/SpeedTreeBranchMotion.uexp" 507
"../../../Engine/Content/Functions/Engine_MaterialFunctions02/ObjectLocalBounds.uasset" 508
"../../../Engine/Content/Functions/Engine_MaterialFunctions02/ObjectLocalBounds.uexp" 509
"../../../Engine/Content/Functions/Engine_MaterialFunctions02/UVs/BoundingBoxBased_0-1_UVW.uasset" 510
"../../../Engine/Content/Functions/Engine_MaterialFunctions02/UVs/BoundingBoxBased_0-1_UVW.uexp" 511
"../../../Engine/Content/Functions/Engine_MaterialFunctions02/Utility/VectorLength.uasset" 512
"../../../Engine/Content/Functions/Engine_MaterialFunctions02/Utility/VectorLength.uexp" 513
"../../../Engine/Content/Functions/Engine_MaterialFunctions02/WorldPositionOffset/ObjectScale.uasset" 514
"../../../Engine/Content/Functions/Engine_MaterialFunctions02/WorldPositionOffset/ObjectScale.uexp" 515
"../../../Engine/Plugins/Editor/SpeedTreeImporter/Content/SpeedTree9/SpeedTreeWind.uasset" 516
"../../../Engine/Plugins/Editor/SpeedTreeImporter/Content/SpeedTree9/SpeedTreeWind.uexp" 517
"../../../Engine/Plugins/Editor/SpeedTreeImporter/Content/SpeedTree9/SpeedTreeBillboard.uasset" 518
"../../../Engine/Plugins/Editor/SpeedTreeImporter/Content/SpeedTree9/SpeedTreeBillboard.uexp" 519
"../../../Engine/Plugins/Editor/SpeedTreeImporter/Content/SpeedTree9/EmptyNormal.uasset" 520
"../../../Engine/Plugins/Editor/SpeedTreeImporter/Content/SpeedTree9/EmptyNormal.uexp" 521
"../../../Engine/Plugins/Editor/SpeedTreeImporter/Content/SpeedTree9/Empty.uasset" 522
"../../../Engine/Plugins/Editor/SpeedTreeImporter/Content/SpeedTree9/Empty.uexp" 523
"../../../Engine/Plugins/Editor/SpeedTreeImporter/Content/SpeedTree9/SpeedTreeBillboardMaster.uasset" 524
"../../../Engine/Plugins/Editor/SpeedTreeImporter/Content/SpeedTree9/SpeedTreeBillboardMaster.uexp" 525
"../../../Engine/Plugins/Editor/SpeedTreeImporter/Content/SpeedTree9/SpeedTreeCameraFacing.uasset" 526
"../../../Engine/Plugins/Editor/SpeedTreeImporter/Content/SpeedTree9/SpeedTreeCameraFacing.uexp" 527
"../../../Engine/Plugins/Editor/SpeedTreeImporter/Content/SpeedTree9/SpeedTreeMaster.uasset" 528
"../../../Engine/Plugins/Editor/SpeedTreeImporter/Content/SpeedTree9/SpeedTreeMaster.uexp" 529
"../../../Engine/Content/ArtTools/RenderToTexture/Materials/Debug/M_Emissive_Color.uasset" 530
"../../../Engine/Content/ArtTools/RenderToTexture/Materials/Debug/M_Emissive_Color.uexp" 531
"../../../Engine/Content/BasicShapes/Cylinder.uasset" 532
"../../../Engine/Content/BasicShapes/Cylinder.uexp" 533
"../../../Engine/Plugins/Lumin/MagicLeapPassableWorld/Content/MagicLeapARPinInfoActor.uasset" 534
"../../../Engine/Plugins/Lumin/MagicLeapPassableWorld/Content/MagicLeapARPinInfoActor.uexp" 535
"../../../Engine/Plugins/Runtime/OpenXR/Content/Devices/GoogleDaydream/MRTexture.uasset" 536
"../../../Engine/Plugins/Runtime/OpenXR/Content/Devices/GoogleDaydream/MRTexture.uexp" 537
"../../../Engine/Plugins/Runtime/OpenXR/Content/Devices/GoogleDaydream/MRTexture.ubulk" 538
"../../../Engine/Plugins/Runtime/OpenXR/Content/Devices/GoogleDaydream/BaseTexture.uasset" 539
"../../../Engine/Plugins/Runtime/OpenXR/Content/Devices/GoogleDaydream/BaseTexture.uexp" 540
"../../../Engine/Plugins/Runtime/OpenXR/Content/Devices/GoogleDaydream/BaseTexture.ubulk" 541
"../../../Engine/Content/EngineResources/Black.uasset" 542
"../../../Engine/Content/EngineResources/Black.uexp" 543
"../../../Engine/Plugins/Runtime/OpenXR/Content/Devices/M_XRController.uasset" 544
"../../../Engine/Plugins/Runtime/OpenXR/Content/Devices/M_XRController.uexp" 545
"../../../Engine/Plugins/Runtime/OpenXR/Content/Devices/GoogleDaydream/MI_GoogleDaydream.uasset" 546
"../../../Engine/Plugins/Runtime/OpenXR/Content/Devices/GoogleDaydream/MI_GoogleDaydream.uexp" 547
"../../../Engine/Plugins/Runtime/OpenXR/Content/Devices/GoogleDaydream/GoogleDaydreamController.uasset" 548
"../../../Engine/Plugins/Runtime/OpenXR/Content/Devices/GoogleDaydream/GoogleDaydreamController.uexp" 549
"../../../Engine/Plugins/Runtime/OpenXR/Content/Devices/HTCVive/BaseTexture.uasset" 550
"../../../Engine/Plugins/Runtime/OpenXR/Content/Devices/HTCVive/BaseTexture.uexp" 551
"../../../Engine/Plugins/Runtime/OpenXR/Content/Devices/HTCVive/BaseTexture.ubulk" 552
"../../../Engine/Plugins/Runtime/OpenXR/Content/Devices/HTCVive/MI_HTCVive.uasset" 553
"../../../Engine/Plugins/Runtime/OpenXR/Content/Devices/HTCVive/MI_HTCVive.uexp" 554
"../../../Engine/Plugins/Runtime/OpenXR/Content/Devices/HTCVive/HTCViveController.uasset" 555
"../../../Engine/Plugins/Runtime/OpenXR/Content/Devices/HTCVive/HTCViveController.uexp" 556
"../../../Engine/Plugins/Runtime/OpenXR/Content/Devices/MicrosoftMixedReality/NormalTexture.uasset" 557
"../../../Engine/Plugins/Runtime/OpenXR/Content/Devices/MicrosoftMixedReality/NormalTexture.uexp" 558
"../../../Engine/Plugins/Runtime/OpenXR/Content/Devices/MicrosoftMixedReality/NormalTexture.ubulk" 559
"../../../Engine/Plugins/Runtime/OpenXR/Content/Devices/MicrosoftMixedReality/MRTexture.uasset" 560
"../../../Engine/Plugins/Runtime/OpenXR/Content/Devices/MicrosoftMixedReality/MRTexture.uexp" 561
"../../../Engine/Plugins/Runtime/OpenXR/Content/Devices/MicrosoftMixedReality/MRTexture.ubulk" 562
"../../../Engine/Plugins/Runtime/OpenXR/Content/Devices/MicrosoftMixedReality/EmissiveTexture.uasset" 563
"../../../Engine/Plugins/Runtime/OpenXR/Content/Devices/MicrosoftMixedReality/EmissiveTexture.uexp" 564
"../../../Engine/Plugins/Runtime/OpenXR/Content/Devices/MicrosoftMixedReality/EmissiveTexture.ubulk" 565
"../../../Engine/Plugins/Runtime/OpenXR/Content/Devices/MicrosoftMixedReality/BaseTexture.uasset" 566
"../../../Engine/Plugins/Runtime/OpenXR/Content/Devices/MicrosoftMixedReality/BaseTexture.uexp" 567
"../../../Engine/Plugins/Runtime/OpenXR/Content/Devices/MicrosoftMixedReality/BaseTexture.ubulk" 568
"../../../Engine/Plugins/Runtime/OpenXR/Content/Devices/MicrosoftMixedReality/MI_MicrosoftMixedReality.uasset" 569
"../../../Engine/Plugins/Runtime/OpenXR/Content/Devices/MicrosoftMixedReality/MI_MicrosoftMixedReality.uexp" 570
"../../../Engine/Plugins/Runtime/OpenXR/Content/Devices/MicrosoftMixedReality/Left/left_MicrosoftMixedRealityController.uasset" 571
"../../../Engine/Plugins/Runtime/OpenXR/Content/Devices/MicrosoftMixedReality/Left/left_MicrosoftMixedRealityController.uexp" 572
"../../../Engine/Plugins/Runtime/OpenXR/Content/Devices/MicrosoftMixedReality/Right/right_MicrosoftMixedRealityController.uasset" 573
"../../../Engine/Plugins/Runtime/OpenXR/Content/Devices/MicrosoftMixedReality/Right/right_MicrosoftMixedRealityController.uexp" 574
"../../../Engine/Plugins/Runtime/OpenXR/Content/Devices/OculusGo/BaseTexture.uasset" 575
"../../../Engine/Plugins/Runtime/OpenXR/Content/Devices/OculusGo/BaseTexture.uexp" 576
"../../../Engine/Plugins/Runtime/OpenXR/Content/Devices/OculusGo/BaseTexture.ubulk" 577
"../../../Engine/Plugins/Runtime/OpenXR/Content/Devices/OculusGo/MI_OculusGo.uasset" 578
"../../../Engine/Plugins/Runtime/OpenXR/Content/Devices/OculusGo/MI_OculusGo.uexp" 579
"../../../Engine/Plugins/Runtime/OpenXR/Content/Devices/OculusGo/OculusGoController.uasset" 580
"../../../Engine/Plugins/Runtime/OpenXR/Content/Devices/OculusGo/OculusGoController.uexp" 581
"../../../Engine/Plugins/Runtime/OpenXR/Content/Devices/OculusTouch/MRTexture.uasset" 582
"../../../Engine/Plugins/Runtime/OpenXR/Content/Devices/OculusTouch/MRTexture.uexp" 583
"../../../Engine/Plugins/Runtime/OpenXR/Content/Devices/OculusTouch/MRTexture.ubulk" 584
"../../../Engine/Plugins/Runtime/OpenXR/Content/Devices/OculusTouch/BaseTexture.uasset" 585
"../../../Engine/Plugins/Runtime/OpenXR/Content/Devices/OculusTouch/BaseTexture.uexp" 586
"../../../Engine/Plugins/Runtime/OpenXR/Content/Devices/OculusTouch/BaseTexture.ubulk" 587
"../../../Engine/Plugins/Runtime/OpenXR/Content/Devices/OculusTouch/MI_OculusTouch.uasset" 588
"../../../Engine/Plugins/Runtime/OpenXR/Content/Devices/OculusTouch/MI_OculusTouch.uexp" 589
"../../../Engine/Plugins/Runtime/OpenXR/Content/Devices/OculusTouch/Left/left_OculusTouchController.uasset" 590
"../../../Engine/Plugins/Runtime/OpenXR/Content/Devices/OculusTouch/Left/left_OculusTouchController.uexp" 591
"../../../Engine/Plugins/Runtime/OpenXR/Content/Devices/OculusTouch/Right/right_OculusTouchController.uasset" 592
"../../../Engine/Plugins/Runtime/OpenXR/Content/Devices/OculusTouch/Right/right_OculusTouchController.uexp" 593
"../../../Engine/Plugins/Runtime/OpenXR/Content/Devices/OculusTouch_v2/MRTexture.uasset" 594
"../../../Engine/Plugins/Runtime/OpenXR/Content/Devices/OculusTouch_v2/MRTexture.uexp" 595
"../../../Engine/Plugins/Runtime/OpenXR/Content/Devices/OculusTouch_v2/MRTexture.ubulk" 596
"../../../Engine/Plugins/Runtime/OpenXR/Content/Devices/OculusTouch_v2/BaseTexture.uasset" 597
"../../../Engine/Plugins/Runtime/OpenXR/Content/Devices/OculusTouch_v2/BaseTexture.uexp" 598
"../../../Engine/Plugins/Runtime/OpenXR/Content/Devices/OculusTouch_v2/BaseTexture.ubulk" 599
"../../../Engine/Plugins/Runtime/OpenXR/Content/Devices/OculusTouch_v2/MI_OculusTouch_v2.uasset" 600
"../../../Engine/Plugins/Runtime/OpenXR/Content/Devices/OculusTouch_v2/MI_OculusTouch_v2.uexp" 601
"../../../Engine/Plugins/Runtime/OpenXR/Content/Devices/OculusTouch_v2/Left/left_OculusTouch_v2Controller.uasset" 602
"../../../Engine/Plugins/Runtime/OpenXR/Content/Devices/OculusTouch_v2/Left/left_OculusTouch_v2Controller.uexp" 603
"../../../Engine/Plugins/Runtime/OpenXR/Content/Devices/OculusTouch_v2/Right/right_OculusTouch_v2Controller.uasset" 604
"../../../Engine/Plugins/Runtime/OpenXR/Content/Devices/OculusTouch_v2/Right/right_OculusTouch_v2Controller.uexp" 605
"../../../Engine/Plugins/Runtime/OpenXR/Content/Devices/OculusTouch_v3/MRTexture.uasset" 606
"../../../Engine/Plugins/Runtime/OpenXR/Content/Devices/OculusTouch_v3/MRTexture.uexp" 607
"../../../Engine/Plugins/Runtime/OpenXR/Content/Devices/OculusTouch_v3/MRTexture.ubulk" 608
"../../../Engine/Plugins/Runtime/OpenXR/Content/Devices/OculusTouch_v3/BaseTexture.uasset" 609
"../../../Engine/Plugins/Runtime/OpenXR/Content/Devices/OculusTouch_v3/BaseTexture.uexp" 610
"../../../Engine/Plugins/Runtime/OpenXR/Content/Devices/OculusTouch_v3/BaseTexture.ubulk" 611
"../../../Engine/Plugins/Runtime/OpenXR/Content/Devices/OculusTouch_v3/MI_OculusTouch_v3.uasset" 612
"../../../Engine/Plugins/Runtime/OpenXR/Content/Devices/OculusTouch_v3/MI_OculusTouch_v3.uexp" 613
"../../../Engine/Plugins/Runtime/OpenXR/Content/Devices/OculusTouch_v3/Left/left_OculusTouch_v3Controller.uasset" 614
"../../../Engine/Plugins/Runtime/OpenXR/Content/Devices/OculusTouch_v3/Left/left_OculusTouch_v3Controller.uexp" 615
"../../../Engine/Plugins/Runtime/OpenXR/Content/Devices/OculusTouch_v3/Right/right_OculusTouch_v3Controller.uasset" 616
"../../../Engine/Plugins/Runtime/OpenXR/Content/Devices/OculusTouch_v3/Right/right_OculusTouch_v3Controller.uexp" 617
"../../../Engine/Plugins/Runtime/OpenXR/Content/Devices/ValveIndex/MRTexture.uasset" 618
"../../../Engine/Plugins/Runtime/OpenXR/Content/Devices/ValveIndex/MRTexture.uexp" 619
"../../../Engine/Plugins/Runtime/OpenXR/Content/Devices/ValveIndex/MRTexture.ubulk" 620
"../../../Engine/Plugins/Runtime/OpenXR/Content/Devices/ValveIndex/BaseTexture.uasset" 621
"../../../Engine/Plugins/Runtime/OpenXR/Content/Devices/ValveIndex/BaseTexture.uexp" 622
"../../../Engine/Plugins/Runtime/OpenXR/Content/Devices/ValveIndex/BaseTexture.ubulk" 623
"../../../Engine/Plugins/Runtime/OpenXR/Content/Devices/ValveIndex/Left/MI_left_ValveIndex.uasset" 624
"../../../Engine/Plugins/Runtime/OpenXR/Content/Devices/ValveIndex/Left/MI_left_ValveIndex.uexp" 625
"../../../Engine/Plugins/Runtime/OpenXR/Content/Devices/ValveIndex/Left/left_ValveIndexController.uasset" 626
"../../../Engine/Plugins/Runtime/OpenXR/Content/Devices/ValveIndex/Left/left_ValveIndexController.uexp" 627
"../../../Engine/Plugins/Runtime/OpenXR/Content/Devices/ValveIndex/Right/MI_right_ValveIndex.uasset" 628
"../../../Engine/Plugins/Runtime/OpenXR/Content/Devices/ValveIndex/Right/MI_right_ValveIndex.uexp" 629
"../../../Engine/Plugins/Runtime/OpenXR/Content/Devices/ValveIndex/Right/right_ValveIndexController.uasset" 630
"../../../Engine/Plugins/Runtime/OpenXR/Content/Devices/ValveIndex/Right/right_ValveIndexController.uexp" 631
"../../../Engine/Content/Functions/Engine_MaterialFunctions02/Utility/BreakOutFloat4Components.uasset" 632
"../../../Engine/Content/Functions/Engine_MaterialFunctions02/Utility/BreakOutFloat4Components.uexp" 633
"../../../Engine/Content/Functions/Engine_MaterialFunctions02/Utility/MakeFloat3.uasset" 634
"../../../Engine/Content/Functions/Engine_MaterialFunctions02/Utility/MakeFloat3.uexp" 635
"../../../Engine/Plugins/Runtime/Oculus/OculusVR/Content/Materials/OculusMR_ChromaKey.uasset" 636
"../../../Engine/Plugins/Runtime/Oculus/OculusVR/Content/Materials/OculusMR_ChromaKey.uexp" 637
"../../../Engine/Plugins/Runtime/Oculus/OculusVR/Content/Materials/OculusMR_OpaqueColoredMaterial.uasset" 638
"../../../Engine/Plugins/Runtime/Oculus/OculusVR/Content/Materials/OculusMR_OpaqueColoredMaterial.uexp" 639
"../../../Engine/Plugins/Runtime/Oculus/OculusVR/Content/Materials/PokeAHoleMaterial.uasset" 640
"../../../Engine/Plugins/Runtime/Oculus/OculusVR/Content/Materials/PokeAHoleMaterial.uexp" 641
"../../../Engine/Plugins/Runtime/Oculus/OculusVR/Content/Textures/touchController_controlmap.uasset" 642
"../../../Engine/Plugins/Runtime/Oculus/OculusVR/Content/Textures/touchController_controlmap.uexp" 643
"../../../Engine/Plugins/Runtime/Oculus/OculusVR/Content/Textures/touchController_controlmap.ubulk" 644
"../../../Engine/Plugins/Runtime/Oculus/OculusVR/Content/Textures/touchController_albedo.uasset" 645
"../../../Engine/Plugins/Runtime/Oculus/OculusVR/Content/Textures/touchController_albedo.uexp" 646
"../../../Engine/Plugins/Runtime/Oculus/OculusVR/Content/Textures/touchController_albedo.ubulk" 647
"../../../Engine/Plugins/Runtime/Oculus/OculusVR/Content/Materials/touchController_mat.uasset" 648
"../../../Engine/Plugins/Runtime/Oculus/OculusVR/Content/Materials/touchController_mat.uexp" 649
"../../../Engine/Plugins/Runtime/Oculus/OculusVR/Content/Meshes/LeftTouchController.uasset" 650
"../../../Engine/Plugins/Runtime/Oculus/OculusVR/Content/Meshes/LeftTouchController.uexp" 651
"../../../Engine/Plugins/Runtime/Oculus/OculusVR/Content/Textures/TouchForQuestRiftSController_albedo.uasset" 652
"../../../Engine/Plugins/Runtime/Oculus/OculusVR/Content/Textures/TouchForQuestRiftSController_albedo.uexp" 653
"../../../Engine/Plugins/Runtime/Oculus/OculusVR/Content/Textures/TouchForQuestRiftSController_albedo.ubulk" 654
"../../../Engine/Plugins/Runtime/Oculus/OculusVR/Content/Materials/TouchForQuestRiftSControllerMaterial.uasset" 655
"../../../Engine/Plugins/Runtime/Oculus/OculusVR/Content/Materials/TouchForQuestRiftSControllerMaterial.uexp" 656
"../../../Engine/Plugins/Runtime/Oculus/OculusVR/Content/Meshes/LeftTouchForQuestRiftSController.uasset" 657
"../../../Engine/Plugins/Runtime/Oculus/OculusVR/Content/Meshes/LeftTouchForQuestRiftSController.uexp" 658
"../../../Engine/Plugins/Runtime/Oculus/OculusVR/Content/Meshes/RiftHMD.uasset" 659
"../../../Engine/Plugins/Runtime/Oculus/OculusVR/Content/Meshes/RiftHMD.uexp" 660
"../../../Engine/Plugins/Runtime/Oculus/OculusVR/Content/Meshes/RightTouchController.uasset" 661
"../../../Engine/Plugins/Runtime/Oculus/OculusVR/Content/Meshes/RightTouchController.uexp" 662
"../../../Engine/Plugins/Runtime/Oculus/OculusVR/Content/Meshes/RightTouchForQuestRiftSController.uasset" 663
"../../../Engine/Plugins/Runtime/Oculus/OculusVR/Content/Meshes/RightTouchForQuestRiftSController.uexp" 664
"C:/Users/u1378106/Documents/EAE/Spring Semester/Level Design/SideScrollerLevel/Content/GoodSky/Source/UI/WB_GoodSky_Menu.uasset" 665
"C:/Users/u1378106/Documents/EAE/Spring Semester/Level Design/SideScrollerLevel/Content/GoodSky/Source/UI/WB_GoodSky_Menu.uexp" 666
"C:/Users/u1378106/Documents/EAE/Spring Semester/Level Design/SideScrollerLevel/Content/GoodSky/Source/Textures/T_GoodSky_clouds_D.uasset" 667
"C:/Users/u1378106/Documents/EAE/Spring Semester/Level Design/SideScrollerLevel/Content/GoodSky/Source/Textures/T_GoodSky_clouds_D.uexp" 668
"C:/Users/u1378106/Documents/EAE/Spring Semester/Level Design/SideScrollerLevel/Content/GoodSky/Source/Textures/T_GoodSky_clouds_D.ubulk" 669
"C:/Users/u1378106/Documents/EAE/Spring Semester/Level Design/SideScrollerLevel/Content/GoodSky/Source/Textures/T_GoodSky_clouds_A.uasset" 670
"C:/Users/u1378106/Documents/EAE/Spring Semester/Level Design/SideScrollerLevel/Content/GoodSky/Source/Textures/T_GoodSky_clouds_A.uexp" 671
"C:/Users/u1378106/Documents/EAE/Spring Semester/Level Design/SideScrollerLevel/Content/GoodSky/Source/Textures/T_GoodSky_clouds_A.ubulk" 672
"C:/Users/u1378106/Documents/EAE/Spring Semester/Level Design/SideScrollerLevel/Content/GoodSky/Source/Data/Enum/Enum_GoodSky_Style_Clouds.uasset" 673
"C:/Users/u1378106/Documents/EAE/Spring Semester/Level Design/SideScrollerLevel/Content/GoodSky/Source/Data/Enum/Enum_GoodSky_Style_Clouds.uexp" 674
"C:/Users/u1378106/Documents/EAE/Spring Semester/Level Design/SideScrollerLevel/Content/GoodSky/Source/Data/Enum/Enum_GoodSky_Preset.uasset" 675
"C:/Users/u1378106/Documents/EAE/Spring Semester/Level Design/SideScrollerLevel/Content/GoodSky/Source/Data/Enum/Enum_GoodSky_Preset.uexp" 676
"C:/Users/u1378106/Documents/EAE/Spring Semester/Level Design/SideScrollerLevel/Content/GoodSky/Source/Data/Enum/Enum_GoodSky_Clouds_Coverage.uasset" 677
"C:/Users/u1378106/Documents/EAE/Spring Semester/Level Design/SideScrollerLevel/Content/GoodSky/Source/Data/Enum/Enum_GoodSky_Clouds_Coverage.uexp" 678
"C:/Users/u1378106/Documents/EAE/Spring Semester/Level Design/SideScrollerLevel/Content/GoodSky/Source/Textures/T_GoodSky_Stars.uasset" 679
"C:/Users/u1378106/Documents/EAE/Spring Semester/Level Design/SideScrollerLevel/Content/GoodSky/Source/Textures/T_GoodSky_Stars.uexp" 680
"C:/Users/u1378106/Documents/EAE/Spring Semester/Level Design/SideScrollerLevel/Content/GoodSky/Source/Textures/T_GoodSky_Stars.ubulk" 681
"../../../Engine/Content/Functions/Engine_MaterialFunctions01/Gradient/LinearGradient.uasset" 682
"../../../Engine/Content/Functions/Engine_MaterialFunctions01/Gradient/LinearGradient.uexp" 683
"C:/Users/u1378106/Documents/EAE/Spring Semester/Level Design/SideScrollerLevel/Content/GoodSky/Source/Materials/Material_Function/MF_GoodSky_Top_part_alpha.uasset" 684
"C:/Users/u1378106/Documents/EAE/Spring Semester/Level Design/SideScrollerLevel/Content/GoodSky/Source/Materials/Material_Function/MF_GoodSky_Top_part_alpha.uexp" 685
"C:/Users/u1378106/Documents/EAE/Spring Semester/Level Design/SideScrollerLevel/Content/GoodSky/Source/Materials/Material_Function/MF_GoodSky_Time.uasset" 686
"C:/Users/u1378106/Documents/EAE/Spring Semester/Level Design/SideScrollerLevel/Content/GoodSky/Source/Materials/Material_Function/MF_GoodSky_Time.uexp" 687
"C:/Users/u1378106/Documents/EAE/Spring Semester/Level Design/SideScrollerLevel/Content/GoodSky/Source/Materials/Material_Function/MF_GoodSky_SkyDomeAlpha.uasset" 688
"C:/Users/u1378106/Documents/EAE/Spring Semester/Level Design/SideScrollerLevel/Content/GoodSky/Source/Materials/Material_Function/MF_GoodSky_SkyDomeAlpha.uexp" 689
"C:/Users/u1378106/Documents/EAE/Spring Semester/Level Design/SideScrollerLevel/Content/GoodSky/Source/Materials/Material_Function/MF_GoodSky_Global_Setting.uasset" 690
"C:/Users/u1378106/Documents/EAE/Spring Semester/Level Design/SideScrollerLevel/Content/GoodSky/Source/Materials/Material_Function/MF_GoodSky_Global_Setting.uexp" 691
"C:/Users/u1378106/Documents/EAE/Spring Semester/Level Design/SideScrollerLevel/Content/GoodSky/Source/Textures/T_GoodSky_clouds_sphere.uasset" 692
"C:/Users/u1378106/Documents/EAE/Spring Semester/Level Design/SideScrollerLevel/Content/GoodSky/Source/Textures/T_GoodSky_clouds_sphere.uexp" 693
"C:/Users/u1378106/Documents/EAE/Spring Semester/Level Design/SideScrollerLevel/Content/GoodSky/Source/Textures/T_GoodSky_clouds_B.uasset" 694
"C:/Users/u1378106/Documents/EAE/Spring Semester/Level Design/SideScrollerLevel/Content/GoodSky/Source/Textures/T_GoodSky_clouds_B.uexp" 695
"C:/Users/u1378106/Documents/EAE/Spring Semester/Level Design/SideScrollerLevel/Content/GoodSky/Source/Textures/T_GoodSky_clouds_B.ubulk" 696
"C:/Users/u1378106/Documents/EAE/Spring Semester/Level Design/SideScrollerLevel/Content/GoodSky/Source/Materials/Material_Function/MF_GoodSky_Clouds_Setting.uasset" 697
"C:/Users/u1378106/Documents/EAE/Spring Semester/Level Design/SideScrollerLevel/Content/GoodSky/Source/Materials/Material_Function/MF_GoodSky_Clouds_Setting.uexp" 698
"C:/Users/u1378106/Documents/EAE/Spring Semester/Level Design/SideScrollerLevel/Content/GoodSky/Source/Textures/T_GoodSky_clouds_F.uasset" 699
"C:/Users/u1378106/Documents/EAE/Spring Semester/Level Design/SideScrollerLevel/Content/GoodSky/Source/Textures/T_GoodSky_clouds_F.uexp" 700
"C:/Users/u1378106/Documents/EAE/Spring Semester/Level Design/SideScrollerLevel/Content/GoodSky/Source/Textures/T_GoodSky_clouds_F.ubulk" 701
"C:/Users/u1378106/Documents/EAE/Spring Semester/Level Design/SideScrollerLevel/Content/GoodSky/Source/Materials/M_GoodSky_Sun_Stars.uasset" 702
"C:/Users/u1378106/Documents/EAE/Spring Semester/Level Design/SideScrollerLevel/Content/GoodSky/Source/Materials/M_GoodSky_Sun_Stars.uexp" 703
"C:/Users/u1378106/Documents/EAE/Spring Semester/Level Design/SideScrollerLevel/Content/GoodSky/Source/Data/Enum/Enum_GoodSky_MeshType.uasset" 704
"C:/Users/u1378106/Documents/EAE/Spring Semester/Level Design/SideScrollerLevel/Content/GoodSky/Source/Data/Enum/Enum_GoodSky_MeshType.uexp" 705
"C:/Users/u1378106/Documents/EAE/Spring Semester/Level Design/SideScrollerLevel/Content/GoodSky/Source/Textures/T_GoodSky_clouds_E.uasset" 706
"C:/Users/u1378106/Documents/EAE/Spring Semester/Level Design/SideScrollerLevel/Content/GoodSky/Source/Textures/T_GoodSky_clouds_E.uexp" 707
"C:/Users/u1378106/Documents/EAE/Spring Semester/Level Design/SideScrollerLevel/Content/GoodSky/Source/Textures/T_GoodSky_clouds_E.ubulk" 708
"C:/Users/u1378106/Documents/EAE/Spring Semester/Level Design/SideScrollerLevel/Content/GoodSky/Source/Textures/T_GoodSky_clouds_C.uasset" 709
"C:/Users/u1378106/Documents/EAE/Spring Semester/Level Design/SideScrollerLevel/Content/GoodSky/Source/Textures/T_GoodSky_clouds_C.uexp" 710
"C:/Users/u1378106/Documents/EAE/Spring Semester/Level Design/SideScrollerLevel/Content/GoodSky/Source/Textures/T_GoodSky_clouds_C.ubulk" 711
"C:/Users/u1378106/Documents/EAE/Spring Semester/Level Design/SideScrollerLevel/Content/GoodSky/Source/Materials/M_GoodSky_Base.uasset" 712
"C:/Users/u1378106/Documents/EAE/Spring Semester/Level Design/SideScrollerLevel/Content/GoodSky/Source/Materials/M_GoodSky_Base.uexp" 713
"C:/Users/u1378106/Documents/EAE/Spring Semester/Level Design/SideScrollerLevel/Content/GoodSky/Source/Mesh/SM_GoodSky_Sphere.uasset" 714
"C:/Users/u1378106/Documents/EAE/Spring Semester/Level Design/SideScrollerLevel/Content/GoodSky/Source/Mesh/SM_GoodSky_Sphere.uexp" 715
"C:/Users/u1378106/Documents/EAE/Spring Semester/Level Design/SideScrollerLevel/Content/GoodSky/Source/Mesh/SM_GoodSky_Hemisphere.uasset" 716
"C:/Users/u1378106/Documents/EAE/Spring Semester/Level Design/SideScrollerLevel/Content/GoodSky/Source/Mesh/SM_GoodSky_Hemisphere.uexp" 717
"C:/Users/u1378106/Documents/EAE/Spring Semester/Level Design/SideScrollerLevel/Content/GoodSky/Source/Data/Enum/Enum_GoodSky_Effects.uasset" 718
"C:/Users/u1378106/Documents/EAE/Spring Semester/Level Design/SideScrollerLevel/Content/GoodSky/Source/Data/Enum/Enum_GoodSky_Effects.uexp" 719
"../../../Engine/Content/BasicShapes/Plane.uasset" 720
"../../../Engine/Content/BasicShapes/Plane.uexp" 721
"C:/Users/u1378106/Documents/EAE/Spring Semester/Level Design/SideScrollerLevel/Content/GoodSky/Source/Textures/T_GoodSky_Moon.uasset" 722
"C:/Users/u1378106/Documents/EAE/Spring Semester/Level Design/SideScrollerLevel/Content/GoodSky/Source/Textures/T_GoodSky_Moon.uexp" 723
"../../../Engine/Content/Functions/Engine_MaterialFunctions01/Texturing/ScaleUVsAroundPoint.uasset" 724
"../../../Engine/Content/Functions/Engine_MaterialFunctions01/Texturing/ScaleUVsAroundPoint.uexp" 725
"../../../Engine/Content/Functions/Engine_MaterialFunctions01/Density/ExponentialDensity.uasset" 726
"../../../Engine/Content/Functions/Engine_MaterialFunctions01/Density/ExponentialDensity.uexp" 727
"../../../Engine/Content/Functions/Engine_MaterialFunctions01/Gradient/RadialGradientExponential.uasset" 728
"../../../Engine/Content/Functions/Engine_MaterialFunctions01/Gradient/RadialGradientExponential.uexp" 729
"C:/Users/u1378106/Documents/EAE/Spring Semester/Level Design/SideScrollerLevel/Content/GoodSky/Source/Materials/Material_Function/MF_GoodSky_Moon_Setting.uasset" 730
"C:/Users/u1378106/Documents/EAE/Spring Semester/Level Design/SideScrollerLevel/Content/GoodSky/Source/Materials/Material_Function/MF_GoodSky_Moon_Setting.uexp" 731
"C:/Users/u1378106/Documents/EAE/Spring Semester/Level Design/SideScrollerLevel/Content/GoodSky/Source/Materials/M_GoodSky_Sun_Stars_Moon.uasset" 732
"C:/Users/u1378106/Documents/EAE/Spring Semester/Level Design/SideScrollerLevel/Content/GoodSky/Source/Materials/M_GoodSky_Sun_Stars_Moon.uexp" 733
"C:/Users/u1378106/Documents/EAE/Spring Semester/Level Design/SideScrollerLevel/Content/GoodSky/Source/Textures/T_GoodSky_Lightning.uasset" 734
"C:/Users/u1378106/Documents/EAE/Spring Semester/Level Design/SideScrollerLevel/Content/GoodSky/Source/Textures/T_GoodSky_Lightning.uexp" 735
"C:/Users/u1378106/Documents/EAE/Spring Semester/Level Design/SideScrollerLevel/Content/GoodSky/Source/Textures/T_GoodSky_Lightning.ubulk" 736
"../../../Engine/Content/Functions/Engine_MaterialFunctions02/ExampleContent/Textures/DebugNumberPeriod.uasset" 737
"../../../Engine/Content/Functions/Engine_MaterialFunctions02/ExampleContent/Textures/DebugNumberPeriod.uexp" 738
"../../../Engine/Content/Functions/Engine_MaterialFunctions02/ExampleContent/DebugNumberStrip.uasset" 739
"../../../Engine/Content/Functions/Engine_MaterialFunctions02/ExampleContent/DebugNumberStrip.uexp" 740
"../../../Engine/Content/Functions/Engine_MaterialFunctions01/Texturing/TextureCropping.uasset" 741
"../../../Engine/Content/Functions/Engine_MaterialFunctions01/Texturing/TextureCropping.uexp" 742
"../../../Engine/Content/Functions/Engine_MaterialFunctions01/Texturing/ComputeMipLevel.uasset" 743
"../../../Engine/Content/Functions/Engine_MaterialFunctions01/Texturing/ComputeMipLevel.uexp" 744
"../../../Engine/Content/Functions/Engine_MaterialFunctions02/Utility/DebugScalarValues.uasset" 745
"../../../Engine/Content/Functions/Engine_MaterialFunctions02/Utility/DebugScalarValues.uexp" 746
"../../../Engine/Content/Functions/Engine_MaterialFunctions02/Utility/DebugFloat3Values.uasset" 747
"../../../Engine/Content/Functions/Engine_MaterialFunctions02/Utility/DebugFloat3Values.uexp" 748
"../../../Engine/Content/Functions/Engine_MaterialFunctions02/Math/RGBtoHSV.uasset" 749
"../../../Engine/Content/Functions/Engine_MaterialFunctions02/Math/RGBtoHSV.uexp" 750
"../../../Engine/Content/Functions/Engine_MaterialFunctions01/ImageAdjustment/DeriveHDRfromLDR.uasset" 751
"../../../Engine/Content/Functions/Engine_MaterialFunctions01/ImageAdjustment/DeriveHDRfromLDR.uexp" 752
"C:/Users/u1378106/Documents/EAE/Spring Semester/Level Design/SideScrollerLevel/Content/GoodSky/Source/Materials/M_GoodSky_Storm.uasset" 753
"C:/Users/u1378106/Documents/EAE/Spring Semester/Level Design/SideScrollerLevel/Content/GoodSky/Source/Materials/M_GoodSky_Storm.uexp" 754
"C:/Users/u1378106/Documents/EAE/Spring Semester/Level Design/SideScrollerLevel/Content/GoodSky/Source/Materials/M_GoodSky_Moon.uasset" 755
"C:/Users/u1378106/Documents/EAE/Spring Semester/Level Design/SideScrollerLevel/Content/GoodSky/Source/Materials/M_GoodSky_Moon.uexp" 756
"C:/Users/u1378106/Documents/EAE/Spring Semester/Level Design/SideScrollerLevel/Content/GoodSky/Source/ArrowTool/M_GoodSky_Sun_Emissive.uasset" 757
"C:/Users/u1378106/Documents/EAE/Spring Semester/Level Design/SideScrollerLevel/Content/GoodSky/Source/ArrowTool/M_GoodSky_Sun_Emissive.uexp" 758
"C:/Users/u1378106/Documents/EAE/Spring Semester/Level Design/SideScrollerLevel/Content/GoodSky/Source/ArrowTool/T_GoodSky_SkyRing.uasset" 759
"C:/Users/u1378106/Documents/EAE/Spring Semester/Level Design/SideScrollerLevel/Content/GoodSky/Source/ArrowTool/T_GoodSky_SkyRing.uexp" 760
"C:/Users/u1378106/Documents/EAE/Spring Semester/Level Design/SideScrollerLevel/Content/GoodSky/Source/ArrowTool/T_GoodSky_SkyRing.ubulk" 761
"C:/Users/u1378106/Documents/EAE/Spring Semester/Level Design/SideScrollerLevel/Content/GoodSky/Source/ArrowTool/M_GoodSky_SkyRing_.uasset" 762
"C:/Users/u1378106/Documents/EAE/Spring Semester/Level Design/SideScrollerLevel/Content/GoodSky/Source/ArrowTool/M_GoodSky_SkyRing_.uexp" 763
"C:/Users/u1378106/Documents/EAE/Spring Semester/Level Design/SideScrollerLevel/Content/GoodSky/Source/Data/Structure/Structure_GoodSky.uasset" 764
"C:/Users/u1378106/Documents/EAE/Spring Semester/Level Design/SideScrollerLevel/Content/GoodSky/Source/Data/Structure/Structure_GoodSky.uexp" 765
"C:/Users/u1378106/Documents/EAE/Spring Semester/Level Design/SideScrollerLevel/Content/GoodSky/Source/Data/DataTable/DataTable_GoodSky.uasset" 766
"C:/Users/u1378106/Documents/EAE/Spring Semester/Level Design/SideScrollerLevel/Content/GoodSky/Source/Data/DataTable/DataTable_GoodSky.uexp" 767
"C:/Users/u1378106/Documents/EAE/Spring Semester/Level Design/SideScrollerLevel/Content/GoodSky/Source/Data/Curve/Curve_GoodSky_SunDirection_Vector1.uasset" 768
"C:/Users/u1378106/Documents/EAE/Spring Semester/Level Design/SideScrollerLevel/Content/GoodSky/Source/Data/Curve/Curve_GoodSky_SunDirection_Vector1.uexp" 769
"C:/Users/u1378106/Documents/EAE/Spring Semester/Level Design/SideScrollerLevel/Content/GoodSky/Source/Data/Curve/Curve_GoodSky_SunDirection_Vector.uasset" 770
"C:/Users/u1378106/Documents/EAE/Spring Semester/Level Design/SideScrollerLevel/Content/GoodSky/Source/Data/Curve/Curve_GoodSky_SunDirection_Vector.uexp" 771
"C:/Users/u1378106/Documents/EAE/Spring Semester/Level Design/SideScrollerLevel/Content/GoodSky/Source/Data/Curve/Curve_GoodSky_horizon_Color.uasset" 772
"C:/Users/u1378106/Documents/EAE/Spring Semester/Level Design/SideScrollerLevel/Content/GoodSky/Source/Data/Curve/Curve_GoodSky_horizon_Color.uexp" 773
"C:/Users/u1378106/Documents/EAE/Spring Semester/Level Design/SideScrollerLevel/Content/GoodSky/Source/Data/Curve/Curve_GoodSky_DomeColor.uasset" 774
"C:/Users/u1378106/Documents/EAE/Spring Semester/Level Design/SideScrollerLevel/Content/GoodSky/Source/Data/Curve/Curve_GoodSky_DomeColor.uexp" 775
"C:/Users/u1378106/Documents/EAE/Spring Semester/Level Design/SideScrollerLevel/Content/GoodSky/Source/Data/Curve/Curve_GoodSky_BaseCloudColor.uasset" 776
"C:/Users/u1378106/Documents/EAE/Spring Semester/Level Design/SideScrollerLevel/Content/GoodSky/Source/Data/Curve/Curve_GoodSky_BaseCloudColor.uexp" 777
"C:/Users/u1378106/Documents/EAE/Spring Semester/Level Design/SideScrollerLevel/Content/GoodSky/Source/Data/Curve/Curve_GoodSky_AllOverlayColor.uasset" 778
"C:/Users/u1378106/Documents/EAE/Spring Semester/Level Design/SideScrollerLevel/Content/GoodSky/Source/Data/Curve/Curve_GoodSky_AllOverlayColor.uexp" 779
"C:/Users/u1378106/Documents/EAE/Spring Semester/Level Design/SideScrollerLevel/Content/GoodSky/Source/Data/Curve/Curve_GoodSky_SunLight.uasset" 780
"C:/Users/u1378106/Documents/EAE/Spring Semester/Level Design/SideScrollerLevel/Content/GoodSky/Source/Data/Curve/Curve_GoodSky_SunLight.uexp" 781
"C:/Users/u1378106/Documents/EAE/Spring Semester/Level Design/SideScrollerLevel/Content/GoodSky/Source/Data/Curve/Curve_GoodSky_Stars.uasset" 782
"C:/Users/u1378106/Documents/EAE/Spring Semester/Level Design/SideScrollerLevel/Content/GoodSky/Source/Data/Curve/Curve_GoodSky_Stars.uexp" 783
"C:/Users/u1378106/Documents/EAE/Spring Semester/Level Design/SideScrollerLevel/Content/GoodSky/Source/ArrowTool/SM_GoodSky_StarMesh.uasset" 784
"C:/Users/u1378106/Documents/EAE/Spring Semester/Level Design/SideScrollerLevel/Content/GoodSky/Source/ArrowTool/SM_GoodSky_StarMesh.uexp" 785
"../../../Engine/Content/BasicShapes/Sphere.uasset" 786
"../../../Engine/Content/BasicShapes/Sphere.uexp" 787
"C:/Users/u1378106/Documents/EAE/Spring Semester/Level Design/SideScrollerLevel/Content/GoodSky/Blueprint/BP_GoodSky.uasset" 788
"C:/Users/u1378106/Documents/EAE/Spring Semester/Level Design/SideScrollerLevel/Content/GoodSky/Blueprint/BP_GoodSky.uexp" 789
"C:/Users/u1378106/Documents/EAE/Spring Semester/Level Design/SideScrollerLevel/Content/GoodSky/Maps/Level_GoodSky_Showcase.uexp" 790
"C:/Users/u1378106/Documents/EAE/Spring Semester/Level Design/SideScrollerLevel/Content/GoodSky/Maps/Level_GoodSky_Showcase.umap" 791
"C:/Users/u1378106/Documents/EAE/Spring Semester/Level Design/SideScrollerLevel/Content/Materials/RingFire.uasset" 792
"C:/Users/u1378106/Documents/EAE/Spring Semester/Level Design/SideScrollerLevel/Content/Materials/RingFire.uexp" 793
"C:/Users/u1378106/Documents/EAE/Spring Semester/Level Design/SideScrollerLevel/Content/Materials/Platform_3.uasset" 794
"C:/Users/u1378106/Documents/EAE/Spring Semester/Level Design/SideScrollerLevel/Content/Materials/Platform_3.uexp" 795
"C:/Users/u1378106/Documents/EAE/Spring Semester/Level Design/SideScrollerLevel/Content/Materials/Platform_2.uasset" 796
"C:/Users/u1378106/Documents/EAE/Spring Semester/Level Design/SideScrollerLevel/Content/Materials/Platform_2.uexp" 797
"C:/Users/u1378106/Documents/EAE/Spring Semester/Level Design/SideScrollerLevel/Content/Materials/Platform.uasset" 798
"C:/Users/u1378106/Documents/EAE/Spring Semester/Level Design/SideScrollerLevel/Content/Materials/Platform.uexp" 799
"../../../Engine/Content/EngineSky/T_Sky_Stars.uasset" 800
"../../../Engine/Content/EngineSky/T_Sky_Stars.uexp" 801
"../../../Engine/Content/EngineSky/T_Sky_Stars.ubulk" 802
"../../../Engine/Content/EngineSky/T_Sky_Clouds_M.uasset" 803
"../../../Engine/Content/EngineSky/T_Sky_Clouds_M.uexp" 804
"../../../Engine/Content/EngineSky/T_Sky_Clouds_M.ubulk" 805
"../../../Engine/Content/EngineSky/T_Sky_Blue.uasset" 806
"../../../Engine/Content/EngineSky/T_Sky_Blue.uexp" 807
"../../../Engine/Content/EngineSky/T_Sky_Blue.ubulk" 808
"../../../Engine/Content/EngineSky/M_Sky_Panning_Clouds2.uasset" 809
"../../../Engine/Content/EngineSky/M_Sky_Panning_Clouds2.uexp" 810
"../../../Engine/Content/Functions/Engine_MaterialFunctions03/Procedurals/ComputeFilterWidth.uasset" 811
"../../../Engine/Content/Functions/Engine_MaterialFunctions03/Procedurals/ComputeFilterWidth.uexp" 812
"../../../Engine/Content/EngineMaterials/AntiAliasedTextMaterialTranslucent.uasset" 813
"../../../Engine/Content/EngineMaterials/AntiAliasedTextMaterialTranslucent.uexp" 814
"../../../Engine/Content/BasicShapes/BasicShapeMaterial.uasset" 815
"../../../Engine/Content/BasicShapes/BasicShapeMaterial.uexp" 816
"C:/Users/u1378106/Documents/EAE/Spring Semester/Level Design/SideScrollerLevel/Content/SideScrollerBP/Maps/SideScrollerExampleMap_BuiltData.uasset" 817
"C:/Users/u1378106/Documents/EAE/Spring Semester/Level Design/SideScrollerLevel/Content/SideScrollerBP/Maps/SideScrollerExampleMap_BuiltData.uexp" 818
"C:/Users/u1378106/Documents/EAE/Spring Semester/Level Design/SideScrollerLevel/Content/SideScrollerBP/Maps/SideScrollerExampleMap_BuiltData.ubulk" 819
"../../../Engine/Content/EngineSky/SM_SkySphere.uasset" 820
"../../../Engine/Content/EngineSky/SM_SkySphere.uexp" 821
"../../../Engine/Content/EngineSky/C_Sky_Zenith_Color.uasset" 822
"../../../Engine/Content/EngineSky/C_Sky_Zenith_Color.uexp" 823
"../../../Engine/Content/EngineSky/C_Sky_Horizon_Color.uasset" 824
"../../../Engine/Content/EngineSky/C_Sky_Horizon_Color.uexp" 825
"../../../Engine/Content/EngineSky/C_Sky_Cloud_Color.uasset" 826
"../../../Engine/Content/EngineSky/C_Sky_Cloud_Color.uexp" 827
"../../../Engine/Content/EngineSky/BP_Sky_Sphere.uasset" 828
"../../../Engine/Content/EngineSky/BP_Sky_Sphere.uexp" 829
"C:/Users/u1378106/Documents/EAE/Spring Semester/Level Design/SideScrollerLevel/Content/Blueprints/PickUp_Widget.uasset" 830
"C:/Users/u1378106/Documents/EAE/Spring Semester/Level Design/SideScrollerLevel/Content/Blueprints/PickUp_Widget.uexp" 831
"C:/Users/u1378106/Documents/EAE/Spring Semester/Level Design/SideScrollerLevel/Content/Blueprints/PickUpHUD.uasset" 832
"C:/Users/u1378106/Documents/EAE/Spring Semester/Level Design/SideScrollerLevel/Content/Blueprints/PickUpHUD.uexp" 833
"C:/Users/u1378106/Documents/EAE/Spring Semester/Level Design/SideScrollerLevel/Content/SideScrollerBP/Blueprints/SideScrollerGameMode.uasset" 834
"C:/Users/u1378106/Documents/EAE/Spring Semester/Level Design/SideScrollerLevel/Content/SideScrollerBP/Blueprints/SideScrollerGameMode.uexp" 835
"C:/Users/u1378106/Documents/EAE/Spring Semester/Level Design/SideScrollerLevel/Content/Geometry/Meshes/TemplateFloor.uasset" 836
"C:/Users/u1378106/Documents/EAE/Spring Semester/Level Design/SideScrollerLevel/Content/Geometry/Meshes/TemplateFloor.uexp" 837
"C:/Users/u1378106/Documents/EAE/Spring Semester/Level Design/SideScrollerLevel/Content/Geometry/Meshes/1M_Cube.uasset" 838
"C:/Users/u1378106/Documents/EAE/Spring Semester/Level Design/SideScrollerLevel/Content/Geometry/Meshes/1M_Cube.uexp" 839
"C:/Users/u1378106/Documents/EAE/Spring Semester/Level Design/SideScrollerLevel/Content/Materials/Firey.uasset" 840
"C:/Users/u1378106/Documents/EAE/Spring Semester/Level Design/SideScrollerLevel/Content/Materials/Firey.uexp" 841
"C:/Users/u1378106/Documents/EAE/Spring Semester/Level Design/SideScrollerLevel/Content/Audios/destroy.uasset" 842
"C:/Users/u1378106/Documents/EAE/Spring Semester/Level Design/SideScrollerLevel/Content/Audios/destroy.uexp" 843
"C:/Users/u1378106/Documents/EAE/Spring Semester/Level Design/SideScrollerLevel/Content/Audios/destroy_Cue.uasset" 844
"C:/Users/u1378106/Documents/EAE/Spring Semester/Level Design/SideScrollerLevel/Content/Audios/destroy_Cue.uexp" 845
"C:/Users/u1378106/Documents/EAE/Spring Semester/Level Design/SideScrollerLevel/Content/Blueprints/BP_Lava.uasset" 846
"C:/Users/u1378106/Documents/EAE/Spring Semester/Level Design/SideScrollerLevel/Content/Blueprints/BP_Lava.uexp" 847
"C:/Users/u1378106/Documents/EAE/Spring Semester/Level Design/SideScrollerLevel/Content/Materials/RedFire.uasset" 848
"C:/Users/u1378106/Documents/EAE/Spring Semester/Level Design/SideScrollerLevel/Content/Materials/RedFire.uexp" 849
"C:/Users/u1378106/Documents/EAE/Spring Semester/Level Design/SideScrollerLevel/Content/Blueprints/BP_Enemy_Levitating.uasset" 850
"C:/Users/u1378106/Documents/EAE/Spring Semester/Level Design/SideScrollerLevel/Content/Blueprints/BP_Enemy_Levitating.uexp" 851
"../../../Engine/Content/BasicShapes/Cone.uasset" 852
"../../../Engine/Content/BasicShapes/Cone.uexp" 853
"C:/Users/u1378106/Documents/EAE/Spring Semester/Level Design/SideScrollerLevel/Content/Materials/Red_2.uasset" 854
"C:/Users/u1378106/Documents/EAE/Spring Semester/Level Design/SideScrollerLevel/Content/Materials/Red_2.uexp" 855
"C:/Users/u1378106/Documents/EAE/Spring Semester/Level Design/SideScrollerLevel/Content/Blueprints/BP_Enemy.uasset" 856
"C:/Users/u1378106/Documents/EAE/Spring Semester/Level Design/SideScrollerLevel/Content/Blueprints/BP_Enemy.uexp" 857
"C:/Users/u1378106/Documents/EAE/Spring Semester/Level Design/SideScrollerLevel/Content/SideScrollerBP/Maps/SideScrollerExampleMap.uexp" 858
"C:/Users/u1378106/Documents/EAE/Spring Semester/Level Design/SideScrollerLevel/Content/SideScrollerBP/Maps/SideScrollerExampleMap.umap" 859
"../../../Engine/Content/Maps/Entry_BuiltData.uasset" 860
"../../../Engine/Content/Maps/Entry_BuiltData.uexp" 861
"../../../Engine/Content/Maps/Entry.uexp" 862
"../../../Engine/Content/Maps/Entry.umap" 863
